Jan 24, 2026 12:13:26 PM net.etfbl.mdp.parser.PartScraper fetchParts
INFO: Parts are retrived from site
Jan 24, 2026 12:13:26 PM net.etfbl.mdp.parser.PartScraper fetchParts
INFO: Parts are retrived from site
Jan 24, 2026 12:13:26 PM net.etfbl.mdp.parser.PartScraper fetchParts
INFO: Parts are retrived from site
Jan 24, 2026 12:13:26 PM net.etfbl.mdp.parser.PartScraper fetchParts
INFO: Parts are retrived from site
Jan 24, 2026 12:13:26 PM net.etfbl.mdp.parser.PartScraper fetchParts
INFO: Parts are retrived from site
Jan 24, 2026 12:13:27 PM net.etfbl.mdp.parser.PartScraper fetchParts
INFO: Parts are retrived from site
Jan 24, 2026 12:13:27 PM net.etfbl.mdp.parser.PartScraper fetchParts
INFO: Parts are retrived from site
Jan 24, 2026 12:13:27 PM net.etfbl.mdp.parser.PartScraper fetchParts
INFO: Parts are retrived from site
Jan 24, 2026 12:13:27 PM net.etfbl.mdp.parser.PartScraper fetchParts
INFO: Parts are retrived from site
Jan 24, 2026 12:13:27 PM net.etfbl.mdp.parser.PartScraper fetchParts
INFO: Parts are retrived from site
Jan 24, 2026 12:13:27 PM net.etfbl.mdp.parser.PartScraper fetchParts
INFO: Parts are retrived from site
Jan 24, 2026 12:13:28 PM net.etfbl.mdp.parser.PartScraper fetchParts
INFO: Parts are retrived from site
Jan 24, 2026 12:13:28 PM net.etfbl.mdp.parser.PartScraper fetchParts
INFO: Parts are retrived from site
Jan 24, 2026 12:13:28 PM net.etfbl.mdp.parser.PartScraper fetchParts
INFO: Parts are retrived from site
Jan 24, 2026 12:13:28 PM net.etfbl.mdp.parser.PartScraper fetchParts
INFO: Parts are retrived from site
Jan 24, 2026 12:13:28 PM net.etfbl.mdp.parser.PartScraper fetchParts
INFO: Parts are retrived from site
Jan 24, 2026 12:13:28 PM net.etfbl.mdp.parser.PartScraper fetchParts
INFO: Parts are retrived from site
Jan 24, 2026 12:13:29 PM net.etfbl.mdp.parser.PartScraper fetchParts
INFO: Parts are retrived from site
Jan 24, 2026 12:13:29 PM net.etfbl.mdp.parser.PartScraper fetchParts
INFO: Parts are retrived from site
Jan 24, 2026 12:13:29 PM net.etfbl.mdp.parser.PartScraper fetchParts
INFO: Parts are retrived from site
Jan 24, 2026 12:13:29 PM net.etfbl.mdp.parser.PartScraper fetchParts
INFO: Parts are retrived from site
Jan 24, 2026 12:13:29 PM net.etfbl.mdp.parser.PartScraper fetchParts
INFO: Parts are retrived from site
Jan 24, 2026 12:13:29 PM net.etfbl.mdp.parser.PartScraper fetchParts
INFO: Parts are retrived from site
Jan 24, 2026 12:28:33 PM net.etfbl.mdp.parser.PartScraper fetchParts
INFO: Parts are retrived from site
Jan 24, 2026 12:28:33 PM net.etfbl.mdp.parser.PartScraper fetchParts
INFO: Parts are retrived from site
Jan 24, 2026 12:28:33 PM net.etfbl.mdp.parser.PartScraper fetchParts
INFO: Parts are retrived from site
Jan 24, 2026 12:28:33 PM net.etfbl.mdp.parser.PartScraper fetchParts
INFO: Parts are retrived from site
Jan 24, 2026 12:28:33 PM net.etfbl.mdp.parser.PartScraper fetchParts
INFO: Parts are retrived from site
Jan 24, 2026 12:28:33 PM net.etfbl.mdp.parser.PartScraper fetchParts
INFO: Parts are retrived from site
Jan 24, 2026 12:28:35 PM net.etfbl.mdp.parser.PartScraper fetchParts
INFO: Parts are retrived from site
Jan 24, 2026 12:28:35 PM net.etfbl.mdp.parser.PartScraper fetchParts
INFO: Parts are retrived from site
Jan 24, 2026 12:28:35 PM net.etfbl.mdp.parser.PartScraper fetchParts
INFO: Parts are retrived from site
Jan 24, 2026 12:28:35 PM net.etfbl.mdp.parser.PartScraper fetchParts
INFO: Parts are retrived from site
Jan 24, 2026 12:28:35 PM net.etfbl.mdp.parser.PartScraper fetchParts
INFO: Parts are retrived from site
Jan 24, 2026 12:28:35 PM net.etfbl.mdp.parser.PartScraper fetchParts
INFO: Parts are retrived from site
Jan 24, 2026 12:28:36 PM net.etfbl.mdp.parser.PartScraper fetchParts
INFO: Parts are retrived from site
Jan 24, 2026 12:28:36 PM net.etfbl.mdp.parser.PartScraper fetchParts
INFO: Parts are retrived from site
Jan 24, 2026 12:28:36 PM net.etfbl.mdp.parser.PartScraper fetchParts
INFO: Parts are retrived from site
Jan 24, 2026 12:28:36 PM net.etfbl.mdp.parser.PartScraper fetchParts
INFO: Parts are retrived from site
Jan 24, 2026 12:28:36 PM net.etfbl.mdp.parser.PartScraper fetchParts
INFO: Parts are retrived from site
Jan 24, 2026 12:28:36 PM net.etfbl.mdp.parser.PartScraper fetchParts
INFO: Parts are retrived from site
Jan 24, 2026 12:28:37 PM net.etfbl.mdp.parser.PartScraper fetchParts
INFO: Parts are retrived from site
Jan 24, 2026 12:28:37 PM net.etfbl.mdp.parser.PartScraper fetchParts
INFO: Parts are retrived from site
Jan 24, 2026 12:28:37 PM net.etfbl.mdp.parser.PartScraper fetchParts
INFO: Parts are retrived from site
Jan 24, 2026 12:28:37 PM net.etfbl.mdp.parser.PartScraper fetchParts
INFO: Parts are retrived from site
Jan 24, 2026 12:28:37 PM net.etfbl.mdp.parser.PartScraper fetchParts
INFO: Parts are retrived from site
Jan 24, 2026 12:28:37 PM net.etfbl.mdp.parser.PartScraper fetchParts
INFO: Parts are retrived from site
Jan 24, 2026 12:29:08 PM net.etfbl.mdp.parser.PartScraper fetchParts
INFO: Parts are retrived from site
Jan 24, 2026 12:29:08 PM net.etfbl.mdp.parser.PartScraper fetchParts
INFO: Parts are retrived from site
Jan 24, 2026 12:29:08 PM net.etfbl.mdp.parser.PartScraper fetchParts
INFO: Parts are retrived from site
Jan 24, 2026 12:29:08 PM net.etfbl.mdp.parser.PartScraper fetchParts
INFO: Parts are retrived from site
Jan 24, 2026 12:29:08 PM net.etfbl.mdp.parser.PartScraper fetchParts
INFO: Parts are retrived from site
Jan 24, 2026 12:29:10 PM net.etfbl.mdp.parser.PartScraper fetchParts
INFO: Parts are retrived from site
Jan 24, 2026 12:29:10 PM net.etfbl.mdp.parser.PartScraper fetchParts
INFO: Parts are retrived from site
Jan 24, 2026 12:29:10 PM net.etfbl.mdp.parser.PartScraper fetchParts
INFO: Parts are retrived from site
Jan 24, 2026 12:29:10 PM net.etfbl.mdp.parser.PartScraper fetchParts
INFO: Parts are retrived from site
Jan 24, 2026 12:29:10 PM net.etfbl.mdp.parser.PartScraper fetchParts
INFO: Parts are retrived from site
Jan 24, 2026 12:29:10 PM net.etfbl.mdp.parser.PartScraper fetchParts
INFO: Parts are retrived from site
Jan 24, 2026 12:29:12 PM net.etfbl.mdp.parser.PartScraper fetchParts
INFO: Parts are retrived from site
Jan 24, 2026 12:29:12 PM net.etfbl.mdp.parser.PartScraper fetchParts
INFO: Parts are retrived from site
Jan 24, 2026 12:29:12 PM net.etfbl.mdp.parser.PartScraper fetchParts
INFO: Parts are retrived from site
Jan 24, 2026 12:29:12 PM net.etfbl.mdp.parser.PartScraper fetchParts
INFO: Parts are retrived from site
Jan 24, 2026 12:29:12 PM net.etfbl.mdp.parser.PartScraper fetchParts
INFO: Parts are retrived from site
Jan 24, 2026 12:29:12 PM net.etfbl.mdp.parser.PartScraper fetchParts
INFO: Parts are retrived from site
Jan 24, 2026 12:29:13 PM net.etfbl.mdp.parser.PartScraper fetchParts
INFO: Parts are retrived from site
Jan 24, 2026 12:29:13 PM net.etfbl.mdp.parser.PartScraper fetchParts
INFO: Parts are retrived from site
Jan 24, 2026 12:29:13 PM net.etfbl.mdp.parser.PartScraper fetchParts
INFO: Parts are retrived from site
Jan 24, 2026 12:29:13 PM net.etfbl.mdp.parser.PartScraper fetchParts
INFO: Parts are retrived from site
Jan 24, 2026 12:29:13 PM net.etfbl.mdp.parser.PartScraper fetchParts
INFO: Parts are retrived from site
Jan 24, 2026 12:29:13 PM net.etfbl.mdp.parser.PartScraper fetchParts
INFO: Parts are retrived from site
Jan 24, 2026 1:48:03 PM net.etfbl.mdp.parser.PartScraper fetchParts
INFO: Parts are retrived from site
Jan 24, 2026 1:48:03 PM net.etfbl.mdp.parser.PartScraper fetchParts
INFO: Parts are retrived from site
Jan 24, 2026 1:48:03 PM net.etfbl.mdp.parser.PartScraper fetchParts
INFO: Parts are retrived from site
Jan 24, 2026 1:48:03 PM net.etfbl.mdp.parser.PartScraper fetchParts
INFO: Parts are retrived from site
Jan 24, 2026 1:48:03 PM net.etfbl.mdp.parser.PartScraper fetchParts
INFO: Parts are retrived from site
Jan 24, 2026 1:48:03 PM net.etfbl.mdp.parser.PartScraper fetchParts
INFO: Parts are retrived from site
Jan 24, 2026 1:48:05 PM net.etfbl.mdp.parser.PartScraper fetchParts
INFO: Parts are retrived from site
Jan 24, 2026 1:48:05 PM net.etfbl.mdp.parser.PartScraper fetchParts
INFO: Parts are retrived from site
Jan 24, 2026 1:48:05 PM net.etfbl.mdp.parser.PartScraper fetchParts
INFO: Parts are retrived from site
Jan 24, 2026 1:48:05 PM net.etfbl.mdp.parser.PartScraper fetchParts
INFO: Parts are retrived from site
Jan 24, 2026 1:48:05 PM net.etfbl.mdp.parser.PartScraper fetchParts
INFO: Parts are retrived from site
Jan 24, 2026 1:48:05 PM net.etfbl.mdp.parser.PartScraper fetchParts
INFO: Parts are retrived from site
Jan 24, 2026 1:48:07 PM net.etfbl.mdp.parser.PartScraper fetchParts
INFO: Parts are retrived from site
Jan 24, 2026 1:48:07 PM net.etfbl.mdp.parser.PartScraper fetchParts
INFO: Parts are retrived from site
Jan 24, 2026 1:48:07 PM net.etfbl.mdp.parser.PartScraper fetchParts
INFO: Parts are retrived from site
Jan 24, 2026 1:48:07 PM net.etfbl.mdp.parser.PartScraper fetchParts
INFO: Parts are retrived from site
Jan 24, 2026 1:48:07 PM net.etfbl.mdp.parser.PartScraper fetchParts
INFO: Parts are retrived from site
Jan 24, 2026 1:48:07 PM net.etfbl.mdp.parser.PartScraper fetchParts
INFO: Parts are retrived from site
Jan 24, 2026 1:48:08 PM net.etfbl.mdp.parser.PartScraper fetchParts
INFO: Parts are retrived from site
Jan 24, 2026 1:48:08 PM net.etfbl.mdp.parser.PartScraper fetchParts
INFO: Parts are retrived from site
Jan 24, 2026 1:48:08 PM net.etfbl.mdp.parser.PartScraper fetchParts
INFO: Parts are retrived from site
Jan 24, 2026 1:48:08 PM net.etfbl.mdp.parser.PartScraper fetchParts
INFO: Parts are retrived from site
Jan 24, 2026 1:48:08 PM net.etfbl.mdp.parser.PartScraper fetchParts
INFO: Parts are retrived from site
Jan 24, 2026 1:48:08 PM net.etfbl.mdp.parser.PartScraper fetchParts
INFO: Parts are retrived from site
Jan 24, 2026 1:49:17 PM net.etfbl.mdp.gui.OrderQueuePanel handleDecision
INFO: Order approved
Jan 24, 2026 3:26:49 PM net.etfbl.mdp.parser.PartScraper fetchParts
INFO: Parts are retrived from site
Jan 24, 2026 3:26:49 PM net.etfbl.mdp.parser.PartScraper fetchParts
INFO: Parts are retrived from site
Jan 24, 2026 3:26:49 PM net.etfbl.mdp.parser.PartScraper fetchParts
INFO: Parts are retrived from site
Jan 24, 2026 3:26:49 PM net.etfbl.mdp.parser.PartScraper fetchParts
INFO: Parts are retrived from site
Jan 24, 2026 3:26:49 PM net.etfbl.mdp.parser.PartScraper fetchParts
INFO: Parts are retrived from site
Jan 24, 2026 3:26:50 PM net.etfbl.mdp.parser.PartScraper fetchParts
INFO: Parts are retrived from site
Jan 24, 2026 3:26:50 PM net.etfbl.mdp.parser.PartScraper fetchParts
INFO: Parts are retrived from site
Jan 24, 2026 3:26:50 PM net.etfbl.mdp.parser.PartScraper fetchParts
INFO: Parts are retrived from site
Jan 24, 2026 3:26:50 PM net.etfbl.mdp.parser.PartScraper fetchParts
INFO: Parts are retrived from site
Jan 24, 2026 3:26:50 PM net.etfbl.mdp.parser.PartScraper fetchParts
INFO: Parts are retrived from site
Jan 24, 2026 3:26:50 PM net.etfbl.mdp.parser.PartScraper fetchParts
INFO: Parts are retrived from site
Jan 24, 2026 3:26:52 PM net.etfbl.mdp.parser.PartScraper fetchParts
INFO: Parts are retrived from site
Jan 24, 2026 3:26:52 PM net.etfbl.mdp.parser.PartScraper fetchParts
INFO: Parts are retrived from site
Jan 24, 2026 3:26:52 PM net.etfbl.mdp.parser.PartScraper fetchParts
INFO: Parts are retrived from site
Jan 24, 2026 3:26:52 PM net.etfbl.mdp.parser.PartScraper fetchParts
INFO: Parts are retrived from site
Jan 24, 2026 3:26:52 PM net.etfbl.mdp.parser.PartScraper fetchParts
INFO: Parts are retrived from site
Jan 24, 2026 3:26:52 PM net.etfbl.mdp.parser.PartScraper fetchParts
INFO: Parts are retrived from site
Jan 24, 2026 3:26:57 PM net.etfbl.mdp.parser.PartScraper fetchParts
INFO: Parts are retrived from site
Jan 24, 2026 3:26:57 PM net.etfbl.mdp.parser.PartScraper fetchParts
INFO: Parts are retrived from site
Jan 24, 2026 3:26:57 PM net.etfbl.mdp.parser.PartScraper fetchParts
INFO: Parts are retrived from site
Jan 24, 2026 3:26:57 PM net.etfbl.mdp.parser.PartScraper fetchParts
INFO: Parts are retrived from site
Jan 24, 2026 3:26:57 PM net.etfbl.mdp.parser.PartScraper fetchParts
INFO: Parts are retrived from site
Jan 24, 2026 3:26:57 PM net.etfbl.mdp.parser.PartScraper fetchParts
INFO: Parts are retrived from site
Jan 25, 2026 3:43:15 PM net.etfbl.mdp.parser.PartScraper fetchParts
INFO: Parts are retrived from site
Jan 25, 2026 3:43:15 PM net.etfbl.mdp.parser.PartScraper fetchParts
INFO: Parts are retrived from site
Jan 25, 2026 3:43:15 PM net.etfbl.mdp.parser.PartScraper fetchParts
INFO: Parts are retrived from site
Jan 25, 2026 3:43:15 PM net.etfbl.mdp.parser.PartScraper fetchParts
INFO: Parts are retrived from site
Jan 25, 2026 3:43:15 PM net.etfbl.mdp.parser.PartScraper fetchParts
INFO: Parts are retrived from site
Jan 25, 2026 3:43:15 PM net.etfbl.mdp.parser.PartScraper fetchParts
INFO: Parts are retrived from site
Jan 25, 2026 3:43:18 PM net.etfbl.mdp.parser.PartScraper fetchParts
INFO: Parts are retrived from site
Jan 25, 2026 3:43:18 PM net.etfbl.mdp.parser.PartScraper fetchParts
INFO: Parts are retrived from site
Jan 25, 2026 3:43:18 PM net.etfbl.mdp.parser.PartScraper fetchParts
INFO: Parts are retrived from site
Jan 25, 2026 3:43:18 PM net.etfbl.mdp.parser.PartScraper fetchParts
INFO: Parts are retrived from site
Jan 25, 2026 3:43:18 PM net.etfbl.mdp.parser.PartScraper fetchParts
INFO: Parts are retrived from site
Jan 25, 2026 3:43:18 PM net.etfbl.mdp.parser.PartScraper fetchParts
INFO: Parts are retrived from site
Jan 25, 2026 3:43:19 PM net.etfbl.mdp.parser.PartScraper fetchParts
INFO: Parts are retrived from site
Jan 25, 2026 3:43:19 PM net.etfbl.mdp.parser.PartScraper fetchParts
INFO: Parts are retrived from site
Jan 25, 2026 3:43:19 PM net.etfbl.mdp.parser.PartScraper fetchParts
INFO: Parts are retrived from site
Jan 25, 2026 3:43:19 PM net.etfbl.mdp.parser.PartScraper fetchParts
INFO: Parts are retrived from site
Jan 25, 2026 3:43:19 PM net.etfbl.mdp.parser.PartScraper fetchParts
INFO: Parts are retrived from site
Jan 25, 2026 3:43:19 PM net.etfbl.mdp.parser.PartScraper fetchParts
INFO: Parts are retrived from site
Jan 25, 2026 3:43:20 PM net.etfbl.mdp.parser.PartScraper fetchParts
INFO: Parts are retrived from site
Jan 25, 2026 3:43:20 PM net.etfbl.mdp.parser.PartScraper fetchParts
INFO: Parts are retrived from site
Jan 25, 2026 3:43:20 PM net.etfbl.mdp.parser.PartScraper fetchParts
INFO: Parts are retrived from site
Jan 25, 2026 3:43:20 PM net.etfbl.mdp.parser.PartScraper fetchParts
INFO: Parts are retrived from site
Jan 25, 2026 3:43:20 PM net.etfbl.mdp.parser.PartScraper fetchParts
INFO: Parts are retrived from site
Jan 25, 2026 3:43:21 PM net.etfbl.mdp.parser.PartScraper fetchParts
INFO: Parts are retrived from site
Jan 25, 2026 3:49:46 PM net.etfbl.mdp.parser.PartScraper fetchParts
INFO: Parts are retrived from site
Jan 25, 2026 3:49:46 PM net.etfbl.mdp.parser.PartScraper fetchParts
INFO: Parts are retrived from site
Jan 25, 2026 3:49:46 PM net.etfbl.mdp.parser.PartScraper fetchParts
INFO: Parts are retrived from site
Jan 25, 2026 3:49:46 PM net.etfbl.mdp.parser.PartScraper fetchParts
INFO: Parts are retrived from site
Jan 25, 2026 3:49:46 PM net.etfbl.mdp.parser.PartScraper fetchParts
INFO: Parts are retrived from site
Jan 25, 2026 3:49:46 PM net.etfbl.mdp.parser.PartScraper fetchParts
INFO: Parts are retrived from site
Jan 25, 2026 3:49:47 PM net.etfbl.mdp.parser.PartScraper fetchParts
INFO: Parts are retrived from site
Jan 25, 2026 3:49:47 PM net.etfbl.mdp.parser.PartScraper fetchParts
INFO: Parts are retrived from site
Jan 25, 2026 3:49:47 PM net.etfbl.mdp.parser.PartScraper fetchParts
INFO: Parts are retrived from site
Jan 25, 2026 3:49:47 PM net.etfbl.mdp.parser.PartScraper fetchParts
INFO: Parts are retrived from site
Jan 25, 2026 3:49:47 PM net.etfbl.mdp.parser.PartScraper fetchParts
INFO: Parts are retrived from site
Jan 25, 2026 3:49:47 PM net.etfbl.mdp.parser.PartScraper fetchParts
INFO: Parts are retrived from site
Jan 25, 2026 3:49:49 PM net.etfbl.mdp.parser.PartScraper fetchParts
INFO: Parts are retrived from site
Jan 25, 2026 3:49:49 PM net.etfbl.mdp.parser.PartScraper fetchParts
INFO: Parts are retrived from site
Jan 25, 2026 3:49:49 PM net.etfbl.mdp.parser.PartScraper fetchParts
INFO: Parts are retrived from site
Jan 25, 2026 3:49:49 PM net.etfbl.mdp.parser.PartScraper fetchParts
INFO: Parts are retrived from site
Jan 25, 2026 3:49:49 PM net.etfbl.mdp.parser.PartScraper fetchParts
INFO: Parts are retrived from site
Jan 25, 2026 3:49:49 PM net.etfbl.mdp.parser.PartScraper fetchParts
INFO: Parts are retrived from site
Jan 25, 2026 3:49:50 PM net.etfbl.mdp.parser.PartScraper fetchParts
INFO: Parts are retrived from site
Jan 25, 2026 3:49:50 PM net.etfbl.mdp.parser.PartScraper fetchParts
INFO: Parts are retrived from site
Jan 25, 2026 3:49:50 PM net.etfbl.mdp.parser.PartScraper fetchParts
INFO: Parts are retrived from site
Jan 25, 2026 3:49:50 PM net.etfbl.mdp.parser.PartScraper fetchParts
INFO: Parts are retrived from site
Jan 25, 2026 3:49:50 PM net.etfbl.mdp.parser.PartScraper fetchParts
INFO: Parts are retrived from site
Jan 25, 2026 3:49:50 PM net.etfbl.mdp.parser.PartScraper fetchParts
INFO: Parts are retrived from site
Jan 25, 2026 3:51:00 PM net.etfbl.mdp.gui.OrderQueuePanel handleDecision
INFO: Order approved
Jan 25, 2026 3:52:51 PM net.etfbl.mdp.gui.OrderQueuePanel handleDecision
INFO: Order rejected
Jan 25, 2026 3:56:30 PM net.etfbl.mdp.gui.OrderQueuePanel handleDecision
INFO: Order approved
Jan 25, 2026 3:57:41 PM net.etfbl.mdp.gui.OrderQueuePanel handleDecision
INFO: Order rejected
Jan 25, 2026 4:04:07 PM net.etfbl.mdp.parser.PartScraper fetchParts
INFO: Parts are retrived from site
Jan 25, 2026 4:04:07 PM net.etfbl.mdp.parser.PartScraper fetchParts
INFO: Parts are retrived from site
Jan 25, 2026 4:04:07 PM net.etfbl.mdp.parser.PartScraper fetchParts
INFO: Parts are retrived from site
Jan 25, 2026 4:04:07 PM net.etfbl.mdp.parser.PartScraper fetchParts
INFO: Parts are retrived from site
Jan 25, 2026 4:04:07 PM net.etfbl.mdp.parser.PartScraper fetchParts
INFO: Parts are retrived from site
Jan 25, 2026 4:04:07 PM net.etfbl.mdp.parser.PartScraper fetchParts
INFO: Parts are retrived from site
Jan 25, 2026 4:04:08 PM net.etfbl.mdp.parser.PartScraper fetchParts
INFO: Parts are retrived from site
Jan 25, 2026 4:04:08 PM net.etfbl.mdp.parser.PartScraper fetchParts
INFO: Parts are retrived from site
Jan 25, 2026 4:04:08 PM net.etfbl.mdp.parser.PartScraper fetchParts
INFO: Parts are retrived from site
Jan 25, 2026 4:04:08 PM net.etfbl.mdp.parser.PartScraper fetchParts
INFO: Parts are retrived from site
Jan 25, 2026 4:04:08 PM net.etfbl.mdp.parser.PartScraper fetchParts
INFO: Parts are retrived from site
Jan 25, 2026 4:04:08 PM net.etfbl.mdp.parser.PartScraper fetchParts
INFO: Parts are retrived from site
Jan 25, 2026 4:04:09 PM net.etfbl.mdp.parser.PartScraper fetchParts
INFO: Parts are retrived from site
Jan 25, 2026 4:04:09 PM net.etfbl.mdp.parser.PartScraper fetchParts
INFO: Parts are retrived from site
Jan 25, 2026 4:04:09 PM net.etfbl.mdp.parser.PartScraper fetchParts
INFO: Parts are retrived from site
Jan 25, 2026 4:04:09 PM net.etfbl.mdp.parser.PartScraper fetchParts
INFO: Parts are retrived from site
Jan 25, 2026 4:04:09 PM net.etfbl.mdp.parser.PartScraper fetchParts
INFO: Parts are retrived from site
Jan 25, 2026 4:04:09 PM net.etfbl.mdp.parser.PartScraper fetchParts
INFO: Parts are retrived from site
Jan 25, 2026 4:04:10 PM net.etfbl.mdp.parser.PartScraper fetchParts
INFO: Parts are retrived from site
Jan 25, 2026 4:04:10 PM net.etfbl.mdp.parser.PartScraper fetchParts
INFO: Parts are retrived from site
Jan 25, 2026 4:04:10 PM net.etfbl.mdp.parser.PartScraper fetchParts
INFO: Parts are retrived from site
Jan 25, 2026 4:04:10 PM net.etfbl.mdp.parser.PartScraper fetchParts
INFO: Parts are retrived from site
Jan 25, 2026 4:04:10 PM net.etfbl.mdp.parser.PartScraper fetchParts
INFO: Parts are retrived from site
Jan 25, 2026 4:04:10 PM net.etfbl.mdp.parser.PartScraper fetchParts
INFO: Parts are retrived from site
Jan 25, 2026 4:09:06 PM net.etfbl.mdp.gui.OrderQueuePanel handleDecision
INFO: Order approved
Jan 25, 2026 4:10:55 PM net.etfbl.mdp.parser.PartScraper fetchParts
INFO: Parts are retrived from site
Jan 25, 2026 4:10:55 PM net.etfbl.mdp.parser.PartScraper fetchParts
INFO: Parts are retrived from site
Jan 25, 2026 4:10:55 PM net.etfbl.mdp.parser.PartScraper fetchParts
INFO: Parts are retrived from site
Jan 25, 2026 4:10:55 PM net.etfbl.mdp.parser.PartScraper fetchParts
INFO: Parts are retrived from site
Jan 25, 2026 4:10:55 PM net.etfbl.mdp.parser.PartScraper fetchParts
INFO: Parts are retrived from site
Jan 25, 2026 4:10:55 PM net.etfbl.mdp.parser.PartScraper fetchParts
INFO: Parts are retrived from site
Jan 25, 2026 4:10:55 PM net.etfbl.mdp.parser.PartScraper fetchParts
INFO: Parts are retrived from site
Jan 25, 2026 4:10:55 PM net.etfbl.mdp.parser.PartScraper fetchParts
INFO: Parts are retrived from site
Jan 25, 2026 4:10:55 PM net.etfbl.mdp.parser.PartScraper fetchParts
INFO: Parts are retrived from site
Jan 25, 2026 4:10:55 PM net.etfbl.mdp.parser.PartScraper fetchParts
INFO: Parts are retrived from site
Jan 25, 2026 4:10:55 PM net.etfbl.mdp.parser.PartScraper fetchParts
INFO: Parts are retrived from site
Jan 25, 2026 4:10:55 PM net.etfbl.mdp.parser.PartScraper fetchParts
INFO: Parts are retrived from site
Jan 25, 2026 4:10:56 PM net.etfbl.mdp.parser.PartScraper fetchParts
INFO: Parts are retrived from site
Jan 25, 2026 4:10:56 PM net.etfbl.mdp.parser.PartScraper fetchParts
INFO: Parts are retrived from site
Jan 25, 2026 4:10:56 PM net.etfbl.mdp.parser.PartScraper fetchParts
INFO: Parts are retrived from site
Jan 25, 2026 4:10:56 PM net.etfbl.mdp.parser.PartScraper fetchParts
INFO: Parts are retrived from site
Jan 25, 2026 4:10:56 PM net.etfbl.mdp.parser.PartScraper fetchParts
INFO: Parts are retrived from site
Jan 25, 2026 4:10:56 PM net.etfbl.mdp.parser.PartScraper fetchParts
INFO: Parts are retrived from site
Jan 25, 2026 4:10:57 PM net.etfbl.mdp.parser.PartScraper fetchParts
INFO: Parts are retrived from site
Jan 25, 2026 4:10:57 PM net.etfbl.mdp.parser.PartScraper fetchParts
INFO: Parts are retrived from site
Jan 25, 2026 4:10:57 PM net.etfbl.mdp.parser.PartScraper fetchParts
INFO: Parts are retrived from site
Jan 25, 2026 4:10:57 PM net.etfbl.mdp.parser.PartScraper fetchParts
INFO: Parts are retrived from site
Jan 25, 2026 4:10:57 PM net.etfbl.mdp.parser.PartScraper fetchParts
INFO: Parts are retrived from site
Jan 25, 2026 4:10:57 PM net.etfbl.mdp.parser.PartScraper fetchParts
INFO: Parts are retrived from site
Jan 25, 2026 4:14:11 PM net.etfbl.mdp.gui.PartsPanel loadParts
SEVERE: Error while loading parts
Jan 25, 2026 4:14:27 PM net.etfbl.mdp.parser.PartScraper fetchParts
INFO: Parts are retrived from site
Jan 25, 2026 4:14:27 PM net.etfbl.mdp.parser.PartScraper fetchParts
INFO: Parts are retrived from site
Jan 25, 2026 4:14:27 PM net.etfbl.mdp.parser.PartScraper fetchParts
INFO: Parts are retrived from site
Jan 25, 2026 4:14:27 PM net.etfbl.mdp.parser.PartScraper fetchParts
INFO: Parts are retrived from site
Jan 25, 2026 4:14:27 PM net.etfbl.mdp.parser.PartScraper fetchParts
INFO: Parts are retrived from site
Jan 25, 2026 4:14:27 PM net.etfbl.mdp.parser.PartScraper fetchParts
INFO: Parts are retrived from site
Jan 25, 2026 4:14:30 PM net.etfbl.mdp.parser.PartScraper fetchParts
INFO: Parts are retrived from site
Jan 25, 2026 4:14:30 PM net.etfbl.mdp.parser.PartScraper fetchParts
INFO: Parts are retrived from site
Jan 25, 2026 4:14:30 PM net.etfbl.mdp.parser.PartScraper fetchParts
INFO: Parts are retrived from site
Jan 25, 2026 4:14:30 PM net.etfbl.mdp.parser.PartScraper fetchParts
INFO: Parts are retrived from site
Jan 25, 2026 4:14:30 PM net.etfbl.mdp.parser.PartScraper fetchParts
INFO: Parts are retrived from site
Jan 25, 2026 4:14:30 PM net.etfbl.mdp.parser.PartScraper fetchParts
INFO: Parts are retrived from site
Jan 25, 2026 4:14:31 PM net.etfbl.mdp.parser.PartScraper fetchParts
INFO: Parts are retrived from site
Jan 25, 2026 4:14:31 PM net.etfbl.mdp.parser.PartScraper fetchParts
INFO: Parts are retrived from site
Jan 25, 2026 4:14:31 PM net.etfbl.mdp.parser.PartScraper fetchParts
INFO: Parts are retrived from site
Jan 25, 2026 4:14:31 PM net.etfbl.mdp.parser.PartScraper fetchParts
INFO: Parts are retrived from site
Jan 25, 2026 4:14:31 PM net.etfbl.mdp.parser.PartScraper fetchParts
INFO: Parts are retrived from site
Jan 25, 2026 4:14:31 PM net.etfbl.mdp.parser.PartScraper fetchParts
INFO: Parts are retrived from site
Jan 25, 2026 4:14:31 PM net.etfbl.mdp.parser.PartScraper fetchParts
INFO: Parts are retrived from site
Jan 25, 2026 4:14:31 PM net.etfbl.mdp.parser.PartScraper fetchParts
INFO: Parts are retrived from site
Jan 25, 2026 4:14:31 PM net.etfbl.mdp.parser.PartScraper fetchParts
INFO: Parts are retrived from site
Jan 25, 2026 4:14:31 PM net.etfbl.mdp.parser.PartScraper fetchParts
INFO: Parts are retrived from site
Jan 25, 2026 4:14:31 PM net.etfbl.mdp.parser.PartScraper fetchParts
INFO: Parts are retrived from site
Jan 25, 2026 4:14:31 PM net.etfbl.mdp.parser.PartScraper fetchParts
INFO: Parts are retrived from site
Jan 25, 2026 4:18:48 PM net.etfbl.mdp.gui.OrderQueuePanel handleDecision
INFO: Order approved
Jan 25, 2026 4:21:33 PM net.etfbl.mdp.parser.PartScraper fetchParts
INFO: Parts are retrived from site
Jan 25, 2026 4:21:33 PM net.etfbl.mdp.parser.PartScraper fetchParts
INFO: Parts are retrived from site
Jan 25, 2026 4:21:33 PM net.etfbl.mdp.parser.PartScraper fetchParts
INFO: Parts are retrived from site
Jan 25, 2026 4:21:33 PM net.etfbl.mdp.parser.PartScraper fetchParts
INFO: Parts are retrived from site
Jan 25, 2026 4:21:33 PM net.etfbl.mdp.parser.PartScraper fetchParts
INFO: Parts are retrived from site
Jan 25, 2026 4:21:33 PM net.etfbl.mdp.parser.PartScraper fetchParts
INFO: Parts are retrived from site
Jan 25, 2026 4:21:34 PM net.etfbl.mdp.parser.PartScraper fetchParts
INFO: Parts are retrived from site
Jan 25, 2026 4:21:34 PM net.etfbl.mdp.parser.PartScraper fetchParts
INFO: Parts are retrived from site
Jan 25, 2026 4:21:34 PM net.etfbl.mdp.parser.PartScraper fetchParts
INFO: Parts are retrived from site
Jan 25, 2026 4:21:34 PM net.etfbl.mdp.parser.PartScraper fetchParts
INFO: Parts are retrived from site
Jan 25, 2026 4:21:34 PM net.etfbl.mdp.parser.PartScraper fetchParts
INFO: Parts are retrived from site
Jan 25, 2026 4:21:34 PM net.etfbl.mdp.parser.PartScraper fetchParts
INFO: Parts are retrived from site
Jan 25, 2026 4:21:35 PM net.etfbl.mdp.parser.PartScraper fetchParts
INFO: Parts are retrived from site
Jan 25, 2026 4:21:35 PM net.etfbl.mdp.parser.PartScraper fetchParts
INFO: Parts are retrived from site
Jan 25, 2026 4:21:35 PM net.etfbl.mdp.parser.PartScraper fetchParts
INFO: Parts are retrived from site
Jan 25, 2026 4:21:35 PM net.etfbl.mdp.parser.PartScraper fetchParts
INFO: Parts are retrived from site
Jan 25, 2026 4:21:35 PM net.etfbl.mdp.parser.PartScraper fetchParts
INFO: Parts are retrived from site
Jan 25, 2026 4:21:35 PM net.etfbl.mdp.parser.PartScraper fetchParts
INFO: Parts are retrived from site
Jan 25, 2026 4:21:35 PM net.etfbl.mdp.parser.PartScraper fetchParts
INFO: Parts are retrived from site
Jan 25, 2026 4:21:35 PM net.etfbl.mdp.parser.PartScraper fetchParts
INFO: Parts are retrived from site
Jan 25, 2026 4:21:35 PM net.etfbl.mdp.parser.PartScraper fetchParts
INFO: Parts are retrived from site
Jan 25, 2026 4:21:35 PM net.etfbl.mdp.parser.PartScraper fetchParts
INFO: Parts are retrived from site
Jan 25, 2026 4:21:35 PM net.etfbl.mdp.parser.PartScraper fetchParts
INFO: Parts are retrived from site
Jan 25, 2026 4:21:35 PM net.etfbl.mdp.parser.PartScraper fetchParts
INFO: Parts are retrived from site
Jan 25, 2026 4:27:05 PM net.etfbl.mdp.gui.OrderQueuePanel handleDecision
INFO: Order approved
Jan 25, 2026 4:32:36 PM net.etfbl.mdp.parser.PartScraper fetchParts
INFO: Parts are retrived from site
Jan 25, 2026 4:32:36 PM net.etfbl.mdp.parser.PartScraper fetchParts
INFO: Parts are retrived from site
Jan 25, 2026 4:32:36 PM net.etfbl.mdp.parser.PartScraper fetchParts
INFO: Parts are retrived from site
Jan 25, 2026 4:32:36 PM net.etfbl.mdp.parser.PartScraper fetchParts
INFO: Parts are retrived from site
Jan 25, 2026 4:32:36 PM net.etfbl.mdp.parser.PartScraper fetchParts
INFO: Parts are retrived from site
Jan 25, 2026 4:32:36 PM net.etfbl.mdp.parser.PartScraper fetchParts
INFO: Parts are retrived from site
Jan 25, 2026 4:32:37 PM net.etfbl.mdp.parser.PartScraper fetchParts
INFO: Parts are retrived from site
Jan 25, 2026 4:32:37 PM net.etfbl.mdp.parser.PartScraper fetchParts
INFO: Parts are retrived from site
Jan 25, 2026 4:32:37 PM net.etfbl.mdp.parser.PartScraper fetchParts
INFO: Parts are retrived from site
Jan 25, 2026 4:32:37 PM net.etfbl.mdp.parser.PartScraper fetchParts
INFO: Parts are retrived from site
Jan 25, 2026 4:32:37 PM net.etfbl.mdp.parser.PartScraper fetchParts
INFO: Parts are retrived from site
Jan 25, 2026 4:32:37 PM net.etfbl.mdp.parser.PartScraper fetchParts
INFO: Parts are retrived from site
Jan 25, 2026 4:32:38 PM net.etfbl.mdp.parser.PartScraper fetchParts
INFO: Parts are retrived from site
Jan 25, 2026 4:32:38 PM net.etfbl.mdp.parser.PartScraper fetchParts
INFO: Parts are retrived from site
Jan 25, 2026 4:32:38 PM net.etfbl.mdp.parser.PartScraper fetchParts
INFO: Parts are retrived from site
Jan 25, 2026 4:32:38 PM net.etfbl.mdp.parser.PartScraper fetchParts
INFO: Parts are retrived from site
Jan 25, 2026 4:32:38 PM net.etfbl.mdp.parser.PartScraper fetchParts
INFO: Parts are retrived from site
Jan 25, 2026 4:32:38 PM net.etfbl.mdp.parser.PartScraper fetchParts
INFO: Parts are retrived from site
Jan 25, 2026 4:32:39 PM net.etfbl.mdp.parser.PartScraper fetchParts
INFO: Parts are retrived from site
Jan 25, 2026 4:32:39 PM net.etfbl.mdp.parser.PartScraper fetchParts
INFO: Parts are retrived from site
Jan 25, 2026 4:32:39 PM net.etfbl.mdp.parser.PartScraper fetchParts
INFO: Parts are retrived from site
Jan 25, 2026 4:32:39 PM net.etfbl.mdp.parser.PartScraper fetchParts
INFO: Parts are retrived from site
Jan 25, 2026 4:32:39 PM net.etfbl.mdp.parser.PartScraper fetchParts
INFO: Parts are retrived from site
Jan 25, 2026 4:32:39 PM net.etfbl.mdp.parser.PartScraper fetchParts
INFO: Parts are retrived from site
Jan 25, 2026 4:32:52 PM net.etfbl.mdp.parser.PartScraper fetchParts
INFO: Parts are retrived from site
Jan 25, 2026 4:32:53 PM net.etfbl.mdp.parser.PartScraper fetchParts
INFO: Parts are retrived from site
Jan 25, 2026 4:32:53 PM net.etfbl.mdp.parser.PartScraper fetchParts
INFO: Parts are retrived from site
Jan 25, 2026 4:32:53 PM net.etfbl.mdp.parser.PartScraper fetchParts
INFO: Parts are retrived from site
Jan 25, 2026 4:32:53 PM net.etfbl.mdp.parser.PartScraper fetchParts
INFO: Parts are retrived from site
Jan 25, 2026 4:32:54 PM net.etfbl.mdp.parser.PartScraper fetchParts
INFO: Parts are retrived from site
Jan 25, 2026 4:32:54 PM net.etfbl.mdp.parser.PartScraper fetchParts
INFO: Parts are retrived from site
Jan 25, 2026 4:32:54 PM net.etfbl.mdp.parser.PartScraper fetchParts
INFO: Parts are retrived from site
Jan 25, 2026 4:32:54 PM net.etfbl.mdp.parser.PartScraper fetchParts
INFO: Parts are retrived from site
Jan 25, 2026 4:32:54 PM net.etfbl.mdp.parser.PartScraper fetchParts
INFO: Parts are retrived from site
Jan 25, 2026 4:32:54 PM net.etfbl.mdp.parser.PartScraper fetchParts
INFO: Parts are retrived from site
Jan 25, 2026 4:32:55 PM net.etfbl.mdp.parser.PartScraper fetchParts
INFO: Parts are retrived from site
Jan 25, 2026 4:32:55 PM net.etfbl.mdp.parser.PartScraper fetchParts
INFO: Parts are retrived from site
Jan 25, 2026 4:32:55 PM net.etfbl.mdp.parser.PartScraper fetchParts
INFO: Parts are retrived from site
Jan 25, 2026 4:32:55 PM net.etfbl.mdp.parser.PartScraper fetchParts
INFO: Parts are retrived from site
Jan 25, 2026 4:32:55 PM net.etfbl.mdp.parser.PartScraper fetchParts
INFO: Parts are retrived from site
Jan 25, 2026 4:32:55 PM net.etfbl.mdp.parser.PartScraper fetchParts
INFO: Parts are retrived from site
Jan 25, 2026 4:32:55 PM net.etfbl.mdp.parser.PartScraper fetchParts
INFO: Parts are retrived from site
Jan 25, 2026 4:32:55 PM net.etfbl.mdp.parser.PartScraper fetchParts
INFO: Parts are retrived from site
Jan 25, 2026 4:32:55 PM net.etfbl.mdp.parser.PartScraper fetchParts
INFO: Parts are retrived from site
Jan 25, 2026 4:32:55 PM net.etfbl.mdp.parser.PartScraper fetchParts
INFO: Parts are retrived from site
Jan 25, 2026 4:32:55 PM net.etfbl.mdp.parser.PartScraper fetchParts
INFO: Parts are retrived from site
Jan 25, 2026 4:32:55 PM net.etfbl.mdp.parser.PartScraper fetchParts
INFO: Parts are retrived from site
Jan 25, 2026 4:33:24 PM net.etfbl.mdp.parser.PartScraper fetchParts
INFO: Parts are retrived from site
Jan 25, 2026 4:33:24 PM net.etfbl.mdp.parser.PartScraper fetchParts
INFO: Parts are retrived from site
Jan 25, 2026 4:33:24 PM net.etfbl.mdp.parser.PartScraper fetchParts
INFO: Parts are retrived from site
Jan 25, 2026 4:33:24 PM net.etfbl.mdp.parser.PartScraper fetchParts
INFO: Parts are retrived from site
Jan 25, 2026 4:33:24 PM net.etfbl.mdp.parser.PartScraper fetchParts
INFO: Parts are retrived from site
Jan 25, 2026 4:33:24 PM net.etfbl.mdp.parser.PartScraper fetchParts
INFO: Parts are retrived from site
Jan 25, 2026 4:33:25 PM net.etfbl.mdp.parser.PartScraper fetchParts
INFO: Parts are retrived from site
Jan 25, 2026 4:33:25 PM net.etfbl.mdp.parser.PartScraper fetchParts
INFO: Parts are retrived from site
Jan 25, 2026 4:33:25 PM net.etfbl.mdp.parser.PartScraper fetchParts
INFO: Parts are retrived from site
Jan 25, 2026 4:33:25 PM net.etfbl.mdp.parser.PartScraper fetchParts
INFO: Parts are retrived from site
Jan 25, 2026 4:33:25 PM net.etfbl.mdp.parser.PartScraper fetchParts
INFO: Parts are retrived from site
Jan 25, 2026 4:33:25 PM net.etfbl.mdp.parser.PartScraper fetchParts
INFO: Parts are retrived from site
Jan 25, 2026 4:33:26 PM net.etfbl.mdp.parser.PartScraper fetchParts
INFO: Parts are retrived from site
Jan 25, 2026 4:33:26 PM net.etfbl.mdp.parser.PartScraper fetchParts
INFO: Parts are retrived from site
Jan 25, 2026 4:33:26 PM net.etfbl.mdp.parser.PartScraper fetchParts
INFO: Parts are retrived from site
Jan 25, 2026 4:33:26 PM net.etfbl.mdp.parser.PartScraper fetchParts
INFO: Parts are retrived from site
Jan 25, 2026 4:33:26 PM net.etfbl.mdp.parser.PartScraper fetchParts
INFO: Parts are retrived from site
Jan 25, 2026 4:33:26 PM net.etfbl.mdp.parser.PartScraper fetchParts
INFO: Parts are retrived from site
Jan 25, 2026 4:33:27 PM net.etfbl.mdp.parser.PartScraper fetchParts
INFO: Parts are retrived from site
Jan 25, 2026 4:33:27 PM net.etfbl.mdp.parser.PartScraper fetchParts
INFO: Parts are retrived from site
Jan 25, 2026 4:33:27 PM net.etfbl.mdp.parser.PartScraper fetchParts
INFO: Parts are retrived from site
Jan 25, 2026 4:33:27 PM net.etfbl.mdp.parser.PartScraper fetchParts
INFO: Parts are retrived from site
Jan 25, 2026 4:33:27 PM net.etfbl.mdp.parser.PartScraper fetchParts
INFO: Parts are retrived from site
Jan 25, 2026 4:33:27 PM net.etfbl.mdp.parser.PartScraper fetchParts
INFO: Parts are retrived from site
Jan 25, 2026 4:34:41 PM net.etfbl.mdp.gui.OrderQueuePanel handleDecision
INFO: Order approved
Jan 25, 2026 4:37:09 PM net.etfbl.mdp.parser.PartScraper fetchParts
INFO: Parts are retrived from site
Jan 25, 2026 4:37:09 PM net.etfbl.mdp.parser.PartScraper fetchParts
INFO: Parts are retrived from site
Jan 25, 2026 4:37:09 PM net.etfbl.mdp.parser.PartScraper fetchParts
INFO: Parts are retrived from site
Jan 25, 2026 4:37:09 PM net.etfbl.mdp.parser.PartScraper fetchParts
INFO: Parts are retrived from site
Jan 25, 2026 4:37:09 PM net.etfbl.mdp.parser.PartScraper fetchParts
INFO: Parts are retrived from site
Jan 25, 2026 4:37:10 PM net.etfbl.mdp.parser.PartScraper fetchParts
INFO: Parts are retrived from site
Jan 25, 2026 4:37:10 PM net.etfbl.mdp.parser.PartScraper fetchParts
INFO: Parts are retrived from site
Jan 25, 2026 4:37:10 PM net.etfbl.mdp.parser.PartScraper fetchParts
INFO: Parts are retrived from site
Jan 25, 2026 4:37:10 PM net.etfbl.mdp.parser.PartScraper fetchParts
INFO: Parts are retrived from site
Jan 25, 2026 4:37:10 PM net.etfbl.mdp.parser.PartScraper fetchParts
INFO: Parts are retrived from site
Jan 25, 2026 4:37:10 PM net.etfbl.mdp.parser.PartScraper fetchParts
INFO: Parts are retrived from site
Jan 25, 2026 4:37:11 PM net.etfbl.mdp.parser.PartScraper fetchParts
INFO: Parts are retrived from site
Jan 25, 2026 4:37:11 PM net.etfbl.mdp.parser.PartScraper fetchParts
INFO: Parts are retrived from site
Jan 25, 2026 4:37:11 PM net.etfbl.mdp.parser.PartScraper fetchParts
INFO: Parts are retrived from site
Jan 25, 2026 4:37:11 PM net.etfbl.mdp.parser.PartScraper fetchParts
INFO: Parts are retrived from site
Jan 25, 2026 4:37:11 PM net.etfbl.mdp.parser.PartScraper fetchParts
INFO: Parts are retrived from site
Jan 25, 2026 4:37:11 PM net.etfbl.mdp.parser.PartScraper fetchParts
INFO: Parts are retrived from site
Jan 25, 2026 4:37:12 PM net.etfbl.mdp.parser.PartScraper fetchParts
INFO: Parts are retrived from site
Jan 25, 2026 4:37:12 PM net.etfbl.mdp.parser.PartScraper fetchParts
INFO: Parts are retrived from site
Jan 25, 2026 4:37:12 PM net.etfbl.mdp.parser.PartScraper fetchParts
INFO: Parts are retrived from site
Jan 25, 2026 4:37:12 PM net.etfbl.mdp.parser.PartScraper fetchParts
INFO: Parts are retrived from site
Jan 25, 2026 4:37:12 PM net.etfbl.mdp.parser.PartScraper fetchParts
INFO: Parts are retrived from site
Jan 25, 2026 4:37:12 PM net.etfbl.mdp.parser.PartScraper fetchParts
INFO: Parts are retrived from site
Jan 25, 2026 4:39:26 PM net.etfbl.mdp.gui.OrderQueuePanel handleDecision
INFO: Order approved
Jan 25, 2026 4:42:28 PM net.etfbl.mdp.parser.PartScraper fetchParts
INFO: Parts are retrived from site
Jan 25, 2026 4:42:28 PM net.etfbl.mdp.parser.PartScraper fetchParts
INFO: Parts are retrived from site
Jan 25, 2026 4:42:28 PM net.etfbl.mdp.parser.PartScraper fetchParts
INFO: Parts are retrived from site
Jan 25, 2026 4:42:28 PM net.etfbl.mdp.parser.PartScraper fetchParts
INFO: Parts are retrived from site
Jan 25, 2026 4:42:28 PM net.etfbl.mdp.parser.PartScraper fetchParts
INFO: Parts are retrived from site
Jan 25, 2026 4:42:29 PM net.etfbl.mdp.parser.PartScraper fetchParts
INFO: Parts are retrived from site
Jan 25, 2026 4:42:29 PM net.etfbl.mdp.parser.PartScraper fetchParts
INFO: Parts are retrived from site
Jan 25, 2026 4:42:29 PM net.etfbl.mdp.parser.PartScraper fetchParts
INFO: Parts are retrived from site
Jan 25, 2026 4:42:29 PM net.etfbl.mdp.parser.PartScraper fetchParts
INFO: Parts are retrived from site
Jan 25, 2026 4:42:29 PM net.etfbl.mdp.parser.PartScraper fetchParts
INFO: Parts are retrived from site
Jan 25, 2026 4:42:29 PM net.etfbl.mdp.parser.PartScraper fetchParts
INFO: Parts are retrived from site
Jan 25, 2026 4:42:30 PM net.etfbl.mdp.parser.PartScraper fetchParts
INFO: Parts are retrived from site
Jan 25, 2026 4:42:30 PM net.etfbl.mdp.parser.PartScraper fetchParts
INFO: Parts are retrived from site
Jan 25, 2026 4:42:30 PM net.etfbl.mdp.parser.PartScraper fetchParts
INFO: Parts are retrived from site
Jan 25, 2026 4:42:30 PM net.etfbl.mdp.parser.PartScraper fetchParts
INFO: Parts are retrived from site
Jan 25, 2026 4:42:30 PM net.etfbl.mdp.parser.PartScraper fetchParts
INFO: Parts are retrived from site
Jan 25, 2026 4:42:30 PM net.etfbl.mdp.parser.PartScraper fetchParts
INFO: Parts are retrived from site
Jan 25, 2026 4:42:31 PM net.etfbl.mdp.parser.PartScraper fetchParts
INFO: Parts are retrived from site
Jan 25, 2026 4:42:31 PM net.etfbl.mdp.parser.PartScraper fetchParts
INFO: Parts are retrived from site
Jan 25, 2026 4:42:31 PM net.etfbl.mdp.parser.PartScraper fetchParts
INFO: Parts are retrived from site
Jan 25, 2026 4:42:31 PM net.etfbl.mdp.parser.PartScraper fetchParts
INFO: Parts are retrived from site
Jan 25, 2026 4:42:31 PM net.etfbl.mdp.parser.PartScraper fetchParts
INFO: Parts are retrived from site
Jan 25, 2026 4:42:31 PM net.etfbl.mdp.parser.PartScraper fetchParts
INFO: Parts are retrived from site
Jan 25, 2026 4:43:38 PM net.etfbl.mdp.gui.OrderQueuePanel handleDecision
INFO: Order approved
Jan 25, 2026 4:49:51 PM net.etfbl.mdp.parser.PartScraper fetchParts
INFO: Parts are retrived from site
Jan 25, 2026 4:49:51 PM net.etfbl.mdp.parser.PartScraper fetchParts
INFO: Parts are retrived from site
Jan 25, 2026 4:49:51 PM net.etfbl.mdp.parser.PartScraper fetchParts
INFO: Parts are retrived from site
Jan 25, 2026 4:49:51 PM net.etfbl.mdp.parser.PartScraper fetchParts
INFO: Parts are retrived from site
Jan 25, 2026 4:49:51 PM net.etfbl.mdp.parser.PartScraper fetchParts
INFO: Parts are retrived from site
Jan 25, 2026 4:49:51 PM net.etfbl.mdp.parser.PartScraper fetchParts
INFO: Parts are retrived from site
Jan 25, 2026 4:49:52 PM net.etfbl.mdp.parser.PartScraper fetchParts
INFO: Parts are retrived from site
Jan 25, 2026 4:49:52 PM net.etfbl.mdp.parser.PartScraper fetchParts
INFO: Parts are retrived from site
Jan 25, 2026 4:49:52 PM net.etfbl.mdp.parser.PartScraper fetchParts
INFO: Parts are retrived from site
Jan 25, 2026 4:49:52 PM net.etfbl.mdp.parser.PartScraper fetchParts
INFO: Parts are retrived from site
Jan 25, 2026 4:49:52 PM net.etfbl.mdp.parser.PartScraper fetchParts
INFO: Parts are retrived from site
Jan 25, 2026 4:49:52 PM net.etfbl.mdp.parser.PartScraper fetchParts
INFO: Parts are retrived from site
Jan 25, 2026 4:49:53 PM net.etfbl.mdp.parser.PartScraper fetchParts
INFO: Parts are retrived from site
Jan 25, 2026 4:49:53 PM net.etfbl.mdp.parser.PartScraper fetchParts
INFO: Parts are retrived from site
Jan 25, 2026 4:49:53 PM net.etfbl.mdp.parser.PartScraper fetchParts
INFO: Parts are retrived from site
Jan 25, 2026 4:49:53 PM net.etfbl.mdp.parser.PartScraper fetchParts
INFO: Parts are retrived from site
Jan 25, 2026 4:49:53 PM net.etfbl.mdp.parser.PartScraper fetchParts
INFO: Parts are retrived from site
Jan 25, 2026 4:49:53 PM net.etfbl.mdp.parser.PartScraper fetchParts
INFO: Parts are retrived from site
Jan 25, 2026 4:49:55 PM net.etfbl.mdp.parser.PartScraper fetchParts
INFO: Parts are retrived from site
Jan 25, 2026 4:49:55 PM net.etfbl.mdp.parser.PartScraper fetchParts
INFO: Parts are retrived from site
Jan 25, 2026 4:49:55 PM net.etfbl.mdp.parser.PartScraper fetchParts
INFO: Parts are retrived from site
Jan 25, 2026 4:49:55 PM net.etfbl.mdp.parser.PartScraper fetchParts
INFO: Parts are retrived from site
Jan 25, 2026 4:49:55 PM net.etfbl.mdp.parser.PartScraper fetchParts
INFO: Parts are retrived from site
Jan 25, 2026 4:49:55 PM net.etfbl.mdp.parser.PartScraper fetchParts
INFO: Parts are retrived from site
Jan 25, 2026 4:50:15 PM net.etfbl.mdp.gui.OrderQueuePanel handleDecision
INFO: Order approved
Jan 25, 2026 4:50:48 PM net.etfbl.mdp.gui.OrderQueuePanel handleDecision
INFO: Order approved
Jan 25, 2026 4:53:31 PM net.etfbl.mdp.gui.OrderQueuePanel handleDecision
INFO: Order approved
Jan 25, 2026 4:54:17 PM net.etfbl.mdp.gui.OrderQueuePanel handleDecision
INFO: Order approved
Jan 25, 2026 4:59:40 PM net.etfbl.mdp.parser.PartScraper fetchParts
INFO: Parts are retrived from site
Jan 25, 2026 4:59:40 PM net.etfbl.mdp.parser.PartScraper fetchParts
INFO: Parts are retrived from site
Jan 25, 2026 4:59:40 PM net.etfbl.mdp.parser.PartScraper fetchParts
INFO: Parts are retrived from site
Jan 25, 2026 4:59:40 PM net.etfbl.mdp.parser.PartScraper fetchParts
INFO: Parts are retrived from site
Jan 25, 2026 4:59:40 PM net.etfbl.mdp.parser.PartScraper fetchParts
INFO: Parts are retrived from site
Jan 25, 2026 4:59:40 PM net.etfbl.mdp.parser.PartScraper fetchParts
INFO: Parts are retrived from site
Jan 25, 2026 4:59:41 PM net.etfbl.mdp.parser.PartScraper fetchParts
INFO: Parts are retrived from site
Jan 25, 2026 4:59:41 PM net.etfbl.mdp.parser.PartScraper fetchParts
INFO: Parts are retrived from site
Jan 25, 2026 4:59:41 PM net.etfbl.mdp.parser.PartScraper fetchParts
INFO: Parts are retrived from site
Jan 25, 2026 4:59:41 PM net.etfbl.mdp.parser.PartScraper fetchParts
INFO: Parts are retrived from site
Jan 25, 2026 4:59:42 PM net.etfbl.mdp.parser.PartScraper fetchParts
INFO: Parts are retrived from site
Jan 25, 2026 4:59:42 PM net.etfbl.mdp.parser.PartScraper fetchParts
INFO: Parts are retrived from site
Jan 25, 2026 4:59:43 PM net.etfbl.mdp.parser.PartScraper fetchParts
INFO: Parts are retrived from site
Jan 25, 2026 4:59:43 PM net.etfbl.mdp.parser.PartScraper fetchParts
INFO: Parts are retrived from site
Jan 25, 2026 4:59:43 PM net.etfbl.mdp.parser.PartScraper fetchParts
INFO: Parts are retrived from site
Jan 25, 2026 4:59:43 PM net.etfbl.mdp.parser.PartScraper fetchParts
INFO: Parts are retrived from site
Jan 25, 2026 4:59:43 PM net.etfbl.mdp.parser.PartScraper fetchParts
INFO: Parts are retrived from site
Jan 25, 2026 4:59:43 PM net.etfbl.mdp.parser.PartScraper fetchParts
INFO: Parts are retrived from site
Jan 25, 2026 4:59:44 PM net.etfbl.mdp.parser.PartScraper fetchParts
INFO: Parts are retrived from site
Jan 25, 2026 4:59:44 PM net.etfbl.mdp.parser.PartScraper fetchParts
INFO: Parts are retrived from site
Jan 25, 2026 4:59:44 PM net.etfbl.mdp.parser.PartScraper fetchParts
INFO: Parts are retrived from site
Jan 25, 2026 4:59:44 PM net.etfbl.mdp.parser.PartScraper fetchParts
INFO: Parts are retrived from site
Jan 25, 2026 4:59:44 PM net.etfbl.mdp.parser.PartScraper fetchParts
INFO: Parts are retrived from site
Jan 25, 2026 4:59:44 PM net.etfbl.mdp.parser.PartScraper fetchParts
INFO: Parts are retrived from site
Jan 25, 2026 5:02:40 PM net.etfbl.mdp.gui.OrderQueuePanel handleDecision
INFO: Order approved
Jan 25, 2026 5:08:02 PM net.etfbl.mdp.gui.OrderQueuePanel handleDecision
INFO: Order approved
Jan 25, 2026 5:22:49 PM net.etfbl.mdp.parser.PartScraper fetchParts
INFO: Parts are retrived from site
Jan 25, 2026 5:22:49 PM net.etfbl.mdp.parser.PartScraper fetchParts
INFO: Parts are retrived from site
Jan 25, 2026 5:22:49 PM net.etfbl.mdp.parser.PartScraper fetchParts
INFO: Parts are retrived from site
Jan 25, 2026 5:22:49 PM net.etfbl.mdp.parser.PartScraper fetchParts
INFO: Parts are retrived from site
Jan 25, 2026 5:22:49 PM net.etfbl.mdp.parser.PartScraper fetchParts
INFO: Parts are retrived from site
Jan 25, 2026 5:22:49 PM net.etfbl.mdp.parser.PartScraper fetchParts
INFO: Parts are retrived from site
Jan 25, 2026 5:22:50 PM net.etfbl.mdp.parser.PartScraper fetchParts
INFO: Parts are retrived from site
Jan 25, 2026 5:22:50 PM net.etfbl.mdp.parser.PartScraper fetchParts
INFO: Parts are retrived from site
Jan 25, 2026 5:22:50 PM net.etfbl.mdp.parser.PartScraper fetchParts
INFO: Parts are retrived from site
Jan 25, 2026 5:22:50 PM net.etfbl.mdp.parser.PartScraper fetchParts
INFO: Parts are retrived from site
Jan 25, 2026 5:22:50 PM net.etfbl.mdp.parser.PartScraper fetchParts
INFO: Parts are retrived from site
Jan 25, 2026 5:22:50 PM net.etfbl.mdp.parser.PartScraper fetchParts
INFO: Parts are retrived from site
Jan 25, 2026 5:22:51 PM net.etfbl.mdp.parser.PartScraper fetchParts
INFO: Parts are retrived from site
Jan 25, 2026 5:22:51 PM net.etfbl.mdp.parser.PartScraper fetchParts
INFO: Parts are retrived from site
Jan 25, 2026 5:22:51 PM net.etfbl.mdp.parser.PartScraper fetchParts
INFO: Parts are retrived from site
Jan 25, 2026 5:22:51 PM net.etfbl.mdp.parser.PartScraper fetchParts
INFO: Parts are retrived from site
Jan 25, 2026 5:22:51 PM net.etfbl.mdp.parser.PartScraper fetchParts
INFO: Parts are retrived from site
Jan 25, 2026 5:22:51 PM net.etfbl.mdp.parser.PartScraper fetchParts
INFO: Parts are retrived from site
Jan 25, 2026 5:22:52 PM net.etfbl.mdp.parser.PartScraper fetchParts
INFO: Parts are retrived from site
Jan 25, 2026 5:22:52 PM net.etfbl.mdp.parser.PartScraper fetchParts
INFO: Parts are retrived from site
Jan 25, 2026 5:22:52 PM net.etfbl.mdp.parser.PartScraper fetchParts
INFO: Parts are retrived from site
Jan 25, 2026 5:22:52 PM net.etfbl.mdp.parser.PartScraper fetchParts
INFO: Parts are retrived from site
Jan 25, 2026 5:22:52 PM net.etfbl.mdp.parser.PartScraper fetchParts
INFO: Parts are retrived from site
Jan 25, 2026 5:22:52 PM net.etfbl.mdp.parser.PartScraper fetchParts
INFO: Parts are retrived from site
Jan 25, 2026 5:23:58 PM net.etfbl.mdp.gui.OrderQueuePanel handleDecision
INFO: Order approved
Jan 25, 2026 5:25:35 PM net.etfbl.mdp.parser.PartScraper fetchParts
INFO: Parts are retrived from site
Jan 25, 2026 5:25:35 PM net.etfbl.mdp.parser.PartScraper fetchParts
INFO: Parts are retrived from site
Jan 25, 2026 5:25:35 PM net.etfbl.mdp.parser.PartScraper fetchParts
INFO: Parts are retrived from site
Jan 25, 2026 5:25:35 PM net.etfbl.mdp.parser.PartScraper fetchParts
INFO: Parts are retrived from site
Jan 25, 2026 5:25:35 PM net.etfbl.mdp.parser.PartScraper fetchParts
INFO: Parts are retrived from site
Jan 25, 2026 5:25:35 PM net.etfbl.mdp.parser.PartScraper fetchParts
INFO: Parts are retrived from site
Jan 25, 2026 5:25:36 PM net.etfbl.mdp.parser.PartScraper fetchParts
INFO: Parts are retrived from site
Jan 25, 2026 5:25:36 PM net.etfbl.mdp.parser.PartScraper fetchParts
INFO: Parts are retrived from site
Jan 25, 2026 5:25:36 PM net.etfbl.mdp.parser.PartScraper fetchParts
INFO: Parts are retrived from site
Jan 25, 2026 5:25:36 PM net.etfbl.mdp.parser.PartScraper fetchParts
INFO: Parts are retrived from site
Jan 25, 2026 5:25:36 PM net.etfbl.mdp.parser.PartScraper fetchParts
INFO: Parts are retrived from site
Jan 25, 2026 5:25:36 PM net.etfbl.mdp.parser.PartScraper fetchParts
INFO: Parts are retrived from site
Jan 25, 2026 5:25:43 PM net.etfbl.mdp.parser.PartScraper fetchParts
INFO: Parts are retrived from site
Jan 25, 2026 5:25:43 PM net.etfbl.mdp.parser.PartScraper fetchParts
INFO: Parts are retrived from site
Jan 25, 2026 5:25:43 PM net.etfbl.mdp.parser.PartScraper fetchParts
INFO: Parts are retrived from site
Jan 25, 2026 5:25:43 PM net.etfbl.mdp.parser.PartScraper fetchParts
INFO: Parts are retrived from site
Jan 25, 2026 5:25:43 PM net.etfbl.mdp.parser.PartScraper fetchParts
INFO: Parts are retrived from site
Jan 25, 2026 5:25:43 PM net.etfbl.mdp.parser.PartScraper fetchParts
INFO: Parts are retrived from site
Jan 25, 2026 5:25:44 PM net.etfbl.mdp.parser.PartScraper fetchParts
INFO: Parts are retrived from site
Jan 25, 2026 5:25:44 PM net.etfbl.mdp.parser.PartScraper fetchParts
INFO: Parts are retrived from site
Jan 25, 2026 5:25:44 PM net.etfbl.mdp.parser.PartScraper fetchParts
INFO: Parts are retrived from site
Jan 25, 2026 5:25:44 PM net.etfbl.mdp.parser.PartScraper fetchParts
INFO: Parts are retrived from site
Jan 25, 2026 5:25:44 PM net.etfbl.mdp.parser.PartScraper fetchParts
INFO: Parts are retrived from site
Jan 25, 2026 5:25:44 PM net.etfbl.mdp.parser.PartScraper fetchParts
INFO: Parts are retrived from site
Jan 25, 2026 5:27:01 PM net.etfbl.mdp.gui.OrderQueuePanel handleDecision
INFO: Order approved
Jan 25, 2026 5:37:42 PM net.etfbl.mdp.server.SupplierServer run
SEVERE: Error while starting server
Jan 25, 2026 5:37:44 PM net.etfbl.mdp.parser.PartScraper fetchParts
INFO: Parts are retrived from site
Jan 25, 2026 5:37:44 PM net.etfbl.mdp.parser.PartScraper fetchParts
INFO: Parts are retrived from site
Jan 25, 2026 5:37:44 PM net.etfbl.mdp.parser.PartScraper fetchParts
INFO: Parts are retrived from site
Jan 25, 2026 5:37:44 PM net.etfbl.mdp.parser.PartScraper fetchParts
INFO: Parts are retrived from site
Jan 25, 2026 5:37:44 PM net.etfbl.mdp.parser.PartScraper fetchParts
INFO: Parts are retrived from site
Jan 25, 2026 5:37:44 PM net.etfbl.mdp.parser.PartScraper fetchParts
INFO: Parts are retrived from site
Jan 25, 2026 5:37:45 PM net.etfbl.mdp.parser.PartScraper fetchParts
INFO: Parts are retrived from site
Jan 25, 2026 5:37:45 PM net.etfbl.mdp.parser.PartScraper fetchParts
INFO: Parts are retrived from site
Jan 25, 2026 5:37:45 PM net.etfbl.mdp.parser.PartScraper fetchParts
INFO: Parts are retrived from site
Jan 25, 2026 5:37:45 PM net.etfbl.mdp.parser.PartScraper fetchParts
INFO: Parts are retrived from site
Jan 25, 2026 5:37:45 PM net.etfbl.mdp.parser.PartScraper fetchParts
INFO: Parts are retrived from site
Jan 25, 2026 5:37:45 PM net.etfbl.mdp.parser.PartScraper fetchParts
INFO: Parts are retrived from site
Jan 25, 2026 5:37:46 PM net.etfbl.mdp.parser.PartScraper fetchParts
INFO: Parts are retrived from site
Jan 25, 2026 5:37:46 PM net.etfbl.mdp.parser.PartScraper fetchParts
INFO: Parts are retrived from site
Jan 25, 2026 5:37:46 PM net.etfbl.mdp.parser.PartScraper fetchParts
INFO: Parts are retrived from site
Jan 25, 2026 5:37:46 PM net.etfbl.mdp.parser.PartScraper fetchParts
INFO: Parts are retrived from site
Jan 25, 2026 5:37:46 PM net.etfbl.mdp.parser.PartScraper fetchParts
INFO: Parts are retrived from site
Jan 25, 2026 5:37:46 PM net.etfbl.mdp.parser.PartScraper fetchParts
INFO: Parts are retrived from site
Jan 25, 2026 5:37:47 PM net.etfbl.mdp.parser.PartScraper fetchParts
INFO: Parts are retrived from site
Jan 25, 2026 5:37:47 PM net.etfbl.mdp.parser.PartScraper fetchParts
INFO: Parts are retrived from site
Jan 25, 2026 5:37:47 PM net.etfbl.mdp.parser.PartScraper fetchParts
INFO: Parts are retrived from site
Jan 25, 2026 5:37:47 PM net.etfbl.mdp.parser.PartScraper fetchParts
INFO: Parts are retrived from site
Jan 25, 2026 5:37:47 PM net.etfbl.mdp.parser.PartScraper fetchParts
INFO: Parts are retrived from site
Jan 25, 2026 5:37:47 PM net.etfbl.mdp.parser.PartScraper fetchParts
INFO: Parts are retrived from site
Jan 25, 2026 5:38:26 PM net.etfbl.mdp.gui.OrderQueuePanel handleDecision
INFO: Order approved
Jan 25, 2026 5:41:02 PM net.etfbl.mdp.parser.PartScraper fetchParts
INFO: Parts are retrived from site
Jan 25, 2026 5:41:02 PM net.etfbl.mdp.parser.PartScraper fetchParts
INFO: Parts are retrived from site
Jan 25, 2026 5:41:02 PM net.etfbl.mdp.parser.PartScraper fetchParts
INFO: Parts are retrived from site
Jan 25, 2026 5:41:02 PM net.etfbl.mdp.parser.PartScraper fetchParts
INFO: Parts are retrived from site
Jan 25, 2026 5:41:02 PM net.etfbl.mdp.parser.PartScraper fetchParts
INFO: Parts are retrived from site
Jan 25, 2026 5:41:02 PM net.etfbl.mdp.parser.PartScraper fetchParts
INFO: Parts are retrived from site
Jan 25, 2026 5:41:03 PM net.etfbl.mdp.parser.PartScraper fetchParts
INFO: Parts are retrived from site
Jan 25, 2026 5:41:03 PM net.etfbl.mdp.parser.PartScraper fetchParts
INFO: Parts are retrived from site
Jan 25, 2026 5:41:03 PM net.etfbl.mdp.parser.PartScraper fetchParts
INFO: Parts are retrived from site
Jan 25, 2026 5:41:03 PM net.etfbl.mdp.parser.PartScraper fetchParts
INFO: Parts are retrived from site
Jan 25, 2026 5:41:03 PM net.etfbl.mdp.parser.PartScraper fetchParts
INFO: Parts are retrived from site
Jan 25, 2026 5:41:03 PM net.etfbl.mdp.parser.PartScraper fetchParts
INFO: Parts are retrived from site
Jan 25, 2026 5:41:03 PM net.etfbl.mdp.parser.PartScraper fetchParts
INFO: Parts are retrived from site
Jan 25, 2026 5:41:03 PM net.etfbl.mdp.parser.PartScraper fetchParts
INFO: Parts are retrived from site
Jan 25, 2026 5:41:03 PM net.etfbl.mdp.parser.PartScraper fetchParts
INFO: Parts are retrived from site
Jan 25, 2026 5:41:03 PM net.etfbl.mdp.parser.PartScraper fetchParts
INFO: Parts are retrived from site
Jan 25, 2026 5:41:03 PM net.etfbl.mdp.parser.PartScraper fetchParts
INFO: Parts are retrived from site
Jan 25, 2026 5:41:03 PM net.etfbl.mdp.parser.PartScraper fetchParts
INFO: Parts are retrived from site
Jan 25, 2026 5:41:04 PM net.etfbl.mdp.parser.PartScraper fetchParts
INFO: Parts are retrived from site
Jan 25, 2026 5:41:04 PM net.etfbl.mdp.parser.PartScraper fetchParts
INFO: Parts are retrived from site
Jan 25, 2026 5:41:04 PM net.etfbl.mdp.parser.PartScraper fetchParts
INFO: Parts are retrived from site
Jan 25, 2026 5:41:04 PM net.etfbl.mdp.parser.PartScraper fetchParts
INFO: Parts are retrived from site
Jan 25, 2026 5:41:04 PM net.etfbl.mdp.parser.PartScraper fetchParts
INFO: Parts are retrived from site
Jan 25, 2026 5:41:04 PM net.etfbl.mdp.parser.PartScraper fetchParts
INFO: Parts are retrived from site
Jan 25, 2026 5:42:15 PM net.etfbl.mdp.gui.OrderQueuePanel handleDecision
INFO: Order approved
Jan 25, 2026 5:56:37 PM net.etfbl.mdp.parser.PartScraper fetchParts
INFO: Parts are retrived from site
Jan 25, 2026 5:56:37 PM net.etfbl.mdp.parser.PartScraper fetchParts
INFO: Parts are retrived from site
Jan 25, 2026 5:56:37 PM net.etfbl.mdp.parser.PartScraper fetchParts
INFO: Parts are retrived from site
Jan 25, 2026 5:56:37 PM net.etfbl.mdp.parser.PartScraper fetchParts
INFO: Parts are retrived from site
Jan 25, 2026 5:56:37 PM net.etfbl.mdp.parser.PartScraper fetchParts
INFO: Parts are retrived from site
Jan 25, 2026 5:56:37 PM net.etfbl.mdp.parser.PartScraper fetchParts
INFO: Parts are retrived from site
Jan 25, 2026 5:56:38 PM net.etfbl.mdp.parser.PartScraper fetchParts
INFO: Parts are retrived from site
Jan 25, 2026 5:56:38 PM net.etfbl.mdp.parser.PartScraper fetchParts
INFO: Parts are retrived from site
Jan 25, 2026 5:56:38 PM net.etfbl.mdp.parser.PartScraper fetchParts
INFO: Parts are retrived from site
Jan 25, 2026 5:56:38 PM net.etfbl.mdp.parser.PartScraper fetchParts
INFO: Parts are retrived from site
Jan 25, 2026 5:56:38 PM net.etfbl.mdp.parser.PartScraper fetchParts
INFO: Parts are retrived from site
Jan 25, 2026 5:56:38 PM net.etfbl.mdp.parser.PartScraper fetchParts
INFO: Parts are retrived from site
Jan 25, 2026 5:56:39 PM net.etfbl.mdp.parser.PartScraper fetchParts
INFO: Parts are retrived from site
Jan 25, 2026 5:56:39 PM net.etfbl.mdp.parser.PartScraper fetchParts
INFO: Parts are retrived from site
Jan 25, 2026 5:56:39 PM net.etfbl.mdp.parser.PartScraper fetchParts
INFO: Parts are retrived from site
Jan 25, 2026 5:56:39 PM net.etfbl.mdp.parser.PartScraper fetchParts
INFO: Parts are retrived from site
Jan 25, 2026 5:56:39 PM net.etfbl.mdp.parser.PartScraper fetchParts
INFO: Parts are retrived from site
Jan 25, 2026 5:56:39 PM net.etfbl.mdp.parser.PartScraper fetchParts
INFO: Parts are retrived from site
Jan 25, 2026 5:56:40 PM net.etfbl.mdp.parser.PartScraper fetchParts
INFO: Parts are retrived from site
Jan 25, 2026 5:56:40 PM net.etfbl.mdp.parser.PartScraper fetchParts
INFO: Parts are retrived from site
Jan 25, 2026 5:56:40 PM net.etfbl.mdp.parser.PartScraper fetchParts
INFO: Parts are retrived from site
Jan 25, 2026 5:56:40 PM net.etfbl.mdp.parser.PartScraper fetchParts
INFO: Parts are retrived from site
Jan 25, 2026 5:56:40 PM net.etfbl.mdp.parser.PartScraper fetchParts
INFO: Parts are retrived from site
Jan 25, 2026 5:56:40 PM net.etfbl.mdp.parser.PartScraper fetchParts
INFO: Parts are retrived from site
Jan 25, 2026 5:59:09 PM net.etfbl.mdp.parser.PartScraper fetchParts
INFO: Parts are retrived from site
Jan 25, 2026 5:59:09 PM net.etfbl.mdp.parser.PartScraper fetchParts
INFO: Parts are retrived from site
Jan 25, 2026 5:59:09 PM net.etfbl.mdp.parser.PartScraper fetchParts
INFO: Parts are retrived from site
Jan 25, 2026 5:59:09 PM net.etfbl.mdp.parser.PartScraper fetchParts
INFO: Parts are retrived from site
Jan 25, 2026 5:59:09 PM net.etfbl.mdp.parser.PartScraper fetchParts
INFO: Parts are retrived from site
Jan 25, 2026 5:59:09 PM net.etfbl.mdp.parser.PartScraper fetchParts
INFO: Parts are retrived from site
Jan 25, 2026 5:59:11 PM net.etfbl.mdp.parser.PartScraper fetchParts
INFO: Parts are retrived from site
Jan 25, 2026 5:59:11 PM net.etfbl.mdp.parser.PartScraper fetchParts
INFO: Parts are retrived from site
Jan 25, 2026 5:59:11 PM net.etfbl.mdp.parser.PartScraper fetchParts
INFO: Parts are retrived from site
Jan 25, 2026 5:59:11 PM net.etfbl.mdp.parser.PartScraper fetchParts
INFO: Parts are retrived from site
Jan 25, 2026 5:59:11 PM net.etfbl.mdp.parser.PartScraper fetchParts
INFO: Parts are retrived from site
Jan 25, 2026 5:59:11 PM net.etfbl.mdp.parser.PartScraper fetchParts
INFO: Parts are retrived from site
Jan 25, 2026 5:59:12 PM net.etfbl.mdp.parser.PartScraper fetchParts
INFO: Parts are retrived from site
Jan 25, 2026 5:59:12 PM net.etfbl.mdp.parser.PartScraper fetchParts
INFO: Parts are retrived from site
Jan 25, 2026 5:59:12 PM net.etfbl.mdp.parser.PartScraper fetchParts
INFO: Parts are retrived from site
Jan 25, 2026 5:59:12 PM net.etfbl.mdp.parser.PartScraper fetchParts
INFO: Parts are retrived from site
Jan 25, 2026 5:59:12 PM net.etfbl.mdp.parser.PartScraper fetchParts
INFO: Parts are retrived from site
Jan 25, 2026 5:59:12 PM net.etfbl.mdp.parser.PartScraper fetchParts
INFO: Parts are retrived from site
Jan 25, 2026 5:59:13 PM net.etfbl.mdp.parser.PartScraper fetchParts
INFO: Parts are retrived from site
Jan 25, 2026 5:59:13 PM net.etfbl.mdp.parser.PartScraper fetchParts
INFO: Parts are retrived from site
Jan 25, 2026 5:59:13 PM net.etfbl.mdp.parser.PartScraper fetchParts
INFO: Parts are retrived from site
Jan 25, 2026 5:59:13 PM net.etfbl.mdp.parser.PartScraper fetchParts
INFO: Parts are retrived from site
Jan 25, 2026 5:59:13 PM net.etfbl.mdp.parser.PartScraper fetchParts
INFO: Parts are retrived from site
Jan 25, 2026 5:59:13 PM net.etfbl.mdp.parser.PartScraper fetchParts
INFO: Parts are retrived from site
Jan 25, 2026 6:00:07 PM net.etfbl.mdp.parser.PartScraper fetchParts
INFO: Parts are retrived from site
Jan 25, 2026 6:00:07 PM net.etfbl.mdp.parser.PartScraper fetchParts
INFO: Parts are retrived from site
Jan 25, 2026 6:00:07 PM net.etfbl.mdp.parser.PartScraper fetchParts
INFO: Parts are retrived from site
Jan 25, 2026 6:00:07 PM net.etfbl.mdp.parser.PartScraper fetchParts
INFO: Parts are retrived from site
Jan 25, 2026 6:00:07 PM net.etfbl.mdp.parser.PartScraper fetchParts
INFO: Parts are retrived from site
Jan 25, 2026 6:00:08 PM net.etfbl.mdp.parser.PartScraper fetchParts
INFO: Parts are retrived from site
Jan 25, 2026 6:00:08 PM net.etfbl.mdp.parser.PartScraper fetchParts
INFO: Parts are retrived from site
Jan 25, 2026 6:00:08 PM net.etfbl.mdp.parser.PartScraper fetchParts
INFO: Parts are retrived from site
Jan 25, 2026 6:00:08 PM net.etfbl.mdp.parser.PartScraper fetchParts
INFO: Parts are retrived from site
Jan 25, 2026 6:00:08 PM net.etfbl.mdp.parser.PartScraper fetchParts
INFO: Parts are retrived from site
Jan 25, 2026 6:00:08 PM net.etfbl.mdp.parser.PartScraper fetchParts
INFO: Parts are retrived from site
Jan 25, 2026 6:00:09 PM net.etfbl.mdp.parser.PartScraper fetchParts
INFO: Parts are retrived from site
Jan 25, 2026 6:00:09 PM net.etfbl.mdp.parser.PartScraper fetchParts
INFO: Parts are retrived from site
Jan 25, 2026 6:00:09 PM net.etfbl.mdp.parser.PartScraper fetchParts
INFO: Parts are retrived from site
Jan 25, 2026 6:00:09 PM net.etfbl.mdp.parser.PartScraper fetchParts
INFO: Parts are retrived from site
Jan 25, 2026 6:00:09 PM net.etfbl.mdp.parser.PartScraper fetchParts
INFO: Parts are retrived from site
Jan 25, 2026 6:00:09 PM net.etfbl.mdp.parser.PartScraper fetchParts
INFO: Parts are retrived from site
Jan 25, 2026 6:00:10 PM net.etfbl.mdp.parser.PartScraper fetchParts
INFO: Parts are retrived from site
Jan 25, 2026 6:00:10 PM net.etfbl.mdp.parser.PartScraper fetchParts
INFO: Parts are retrived from site
Jan 25, 2026 6:00:10 PM net.etfbl.mdp.parser.PartScraper fetchParts
INFO: Parts are retrived from site
Jan 25, 2026 6:00:10 PM net.etfbl.mdp.parser.PartScraper fetchParts
INFO: Parts are retrived from site
Jan 25, 2026 6:00:10 PM net.etfbl.mdp.parser.PartScraper fetchParts
INFO: Parts are retrived from site
Jan 25, 2026 6:00:10 PM net.etfbl.mdp.parser.PartScraper fetchParts
INFO: Parts are retrived from site
Jan 25, 2026 6:00:43 PM net.etfbl.mdp.gui.OrderQueuePanel handleDecision
INFO: Order approved
Jan 25, 2026 6:10:12 PM net.etfbl.mdp.parser.PartScraper fetchParts
INFO: Parts are retrived from site
Jan 25, 2026 6:10:12 PM net.etfbl.mdp.parser.PartScraper fetchParts
INFO: Parts are retrived from site
Jan 25, 2026 6:10:12 PM net.etfbl.mdp.parser.PartScraper fetchParts
INFO: Parts are retrived from site
Jan 25, 2026 6:10:12 PM net.etfbl.mdp.parser.PartScraper fetchParts
INFO: Parts are retrived from site
Jan 25, 2026 6:10:12 PM net.etfbl.mdp.parser.PartScraper fetchParts
INFO: Parts are retrived from site
Jan 25, 2026 6:10:14 PM net.etfbl.mdp.parser.PartScraper fetchParts
INFO: Parts are retrived from site
Jan 25, 2026 6:10:14 PM net.etfbl.mdp.parser.PartScraper fetchParts
INFO: Parts are retrived from site
Jan 25, 2026 6:10:14 PM net.etfbl.mdp.parser.PartScraper fetchParts
INFO: Parts are retrived from site
Jan 25, 2026 6:10:14 PM net.etfbl.mdp.parser.PartScraper fetchParts
INFO: Parts are retrived from site
Jan 25, 2026 6:10:14 PM net.etfbl.mdp.parser.PartScraper fetchParts
INFO: Parts are retrived from site
Jan 25, 2026 6:10:14 PM net.etfbl.mdp.parser.PartScraper fetchParts
INFO: Parts are retrived from site
Jan 25, 2026 6:10:14 PM net.etfbl.mdp.parser.PartScraper fetchParts
INFO: Parts are retrived from site
Jan 25, 2026 6:10:14 PM net.etfbl.mdp.parser.PartScraper fetchParts
INFO: Parts are retrived from site
Jan 25, 2026 6:10:14 PM net.etfbl.mdp.parser.PartScraper fetchParts
INFO: Parts are retrived from site
Jan 25, 2026 6:10:14 PM net.etfbl.mdp.parser.PartScraper fetchParts
INFO: Parts are retrived from site
Jan 25, 2026 6:10:14 PM net.etfbl.mdp.parser.PartScraper fetchParts
INFO: Parts are retrived from site
Jan 25, 2026 6:10:14 PM net.etfbl.mdp.parser.PartScraper fetchParts
INFO: Parts are retrived from site
Jan 25, 2026 6:10:15 PM net.etfbl.mdp.parser.PartScraper fetchParts
INFO: Parts are retrived from site
Jan 25, 2026 6:10:15 PM net.etfbl.mdp.parser.PartScraper fetchParts
INFO: Parts are retrived from site
Jan 25, 2026 6:10:15 PM net.etfbl.mdp.parser.PartScraper fetchParts
INFO: Parts are retrived from site
Jan 25, 2026 6:10:15 PM net.etfbl.mdp.parser.PartScraper fetchParts
INFO: Parts are retrived from site
Jan 25, 2026 6:10:15 PM net.etfbl.mdp.parser.PartScraper fetchParts
INFO: Parts are retrived from site
Jan 25, 2026 6:10:15 PM net.etfbl.mdp.parser.PartScraper fetchParts
INFO: Parts are retrived from site
Jan 25, 2026 6:10:52 PM net.etfbl.mdp.gui.OrderQueuePanel handleDecision
INFO: Order approved
