Nov 25, 2025 8:45:59 PM net.etfbl.mdp.gui.LoginFrame login
WARNING: Login failed for user: k1 - wrong credentials.
Nov 25, 2025 8:46:07 PM net.etfbl.mdp.gui.LoginFrame login
INFO: User k1 successfully logged in.
Nov 25, 2025 9:14:28 PM net.etfbl.mdp.gui.LoginFrame login
INFO: User k1 successfully logged in.
Nov 25, 2025 9:14:28 PM net.etfbl.mdp.gui.HistoryPanel loadHistory
INFO: Reservation history loaded.
Nov 25, 2025 9:14:32 PM net.etfbl.mdp.gui.HistoryPanel loadHistory
INFO: Reservation history loaded.
Nov 25, 2025 9:14:52 PM net.etfbl.mdp.gui.ReservationPanel saveAppointment
INFO: Appointment successfullu scheduled.
Nov 25, 2025 9:14:56 PM net.etfbl.mdp.gui.HistoryPanel loadHistory
INFO: Reservation history loaded.
Nov 29, 2025 5:39:38 PM net.etfbl.mdp.gui.LoginFrame login
INFO: User k1 successfully logged in.
Nov 29, 2025 5:39:38 PM net.etfbl.mdp.gui.HistoryPanel loadHistory
INFO: Reservation history loaded.
Nov 29, 2025 5:39:42 PM net.etfbl.mdp.gui.ChatSecurePanel <init>
WARNING: Connection to secure chat - error.
Nov 29, 2025 5:39:42 PM net.etfbl.mdp.gui.ChatSecurePanel <init>
SEVERE: java.net.ConnectException: Connection refused: connect
Nov 29, 2025 5:40:01 PM net.etfbl.mdp.gui.ChatSecurePanel <init>
INFO: User: k1 connected to secure chat.
Nov 29, 2025 5:40:08 PM net.etfbl.mdp.gui.ChatSecurePanel addUserToGroup
WARNING: Error - select group first.
Nov 29, 2025 5:40:19 PM net.etfbl.mdp.securechat.SSLChatClientTest sendMessage
INFO: Message sent.
Nov 29, 2025 5:40:19 PM net.etfbl.mdp.gui.ChatSecurePanel createGroup
INFO: Group is created: GRUPATEST
Nov 29, 2025 5:40:24 PM net.etfbl.mdp.securechat.SSLChatClientTest sendMessage
INFO: Message sent.
Nov 29, 2025 5:40:24 PM net.etfbl.mdp.gui.ChatSecurePanel addUserToGroup
INFO: k1 added korisnik2 to a group GRUPATEST.
Nov 29, 2025 5:40:26 PM net.etfbl.mdp.securechat.SSLChatClientTest sendMessage
INFO: Message sent.
Nov 29, 2025 5:40:26 PM net.etfbl.mdp.gui.ChatSecurePanel addUserToGroup
INFO: k1 added marko to a group GRUPATEST.
Nov 29, 2025 5:40:34 PM net.etfbl.mdp.securechat.SSLChatClientTest sendMessageMulticast
INFO: Multicast message sent to group GRUPATEST
Nov 29, 2025 5:40:34 PM net.etfbl.mdp.gui.ChatSecurePanel sendGroupMessage
INFO: Message sent to group: GRUPATEST
Nov 29, 2025 5:44:13 PM net.etfbl.mdp.securechat.SSLChatClientTest lambda$0
SEVERE: java.net.SocketException: Connection reset
Nov 29, 2025 5:46:01 PM net.etfbl.mdp.gui.LoginFrame login
INFO: User k1 successfully logged in.
Nov 29, 2025 5:46:02 PM net.etfbl.mdp.gui.HistoryPanel loadHistory
INFO: Reservation history loaded.
Nov 29, 2025 5:46:04 PM net.etfbl.mdp.gui.ChatSecurePanel <init>
INFO: User: k1 connected to secure chat.
Nov 29, 2025 5:46:14 PM net.etfbl.mdp.securechat.SSLChatClientTest sendMessage
INFO: Message sent.
Nov 29, 2025 5:46:14 PM net.etfbl.mdp.gui.ChatSecurePanel createGroup
INFO: Group is created: SVI
Nov 29, 2025 5:46:18 PM net.etfbl.mdp.securechat.SSLChatClientTest sendMessage
INFO: Message sent.
Nov 29, 2025 5:46:18 PM net.etfbl.mdp.gui.ChatSecurePanel addUserToGroup
INFO: k1 added korisnik2 to a group SVI.
Nov 29, 2025 5:46:21 PM net.etfbl.mdp.securechat.SSLChatClientTest sendMessage
INFO: Message sent.
Nov 29, 2025 5:46:21 PM net.etfbl.mdp.gui.ChatSecurePanel addUserToGroup
INFO: k1 added marko to a group SVI.
Nov 29, 2025 5:47:07 PM net.etfbl.mdp.gui.LoginFrame login
INFO: User k1 successfully logged in.
Nov 29, 2025 5:47:08 PM net.etfbl.mdp.gui.HistoryPanel loadHistory
INFO: Reservation history loaded.
Nov 29, 2025 5:47:10 PM net.etfbl.mdp.gui.ChatSecurePanel <init>
INFO: User: k1 connected to secure chat.
Nov 29, 2025 5:47:15 PM net.etfbl.mdp.securechat.SSLChatClientTest sendMessage
INFO: Message sent.
Nov 29, 2025 5:47:15 PM net.etfbl.mdp.gui.ChatSecurePanel createGroup
INFO: Group is created: SVI
Nov 29, 2025 5:47:20 PM net.etfbl.mdp.securechat.SSLChatClientTest sendMessage
INFO: Message sent.
Nov 29, 2025 5:47:20 PM net.etfbl.mdp.gui.ChatSecurePanel addUserToGroup
INFO: k1 added korisnik2 to a group SVI.
Nov 29, 2025 5:47:22 PM net.etfbl.mdp.securechat.SSLChatClientTest sendMessage
INFO: Message sent.
Nov 29, 2025 5:47:22 PM net.etfbl.mdp.gui.ChatSecurePanel addUserToGroup
INFO: k1 added marko to a group SVI.
Nov 29, 2025 5:47:23 PM net.etfbl.mdp.securechat.SSLChatClientTest sendMessage
INFO: Message sent.
Nov 29, 2025 5:47:23 PM net.etfbl.mdp.gui.ChatSecurePanel joinGroup
INFO: User joined to group: SVI
Nov 29, 2025 5:47:30 PM net.etfbl.mdp.securechat.SSLChatClientTest sendMessageMulticast
INFO: Multicast message sent to group SVI
Nov 29, 2025 5:47:30 PM net.etfbl.mdp.gui.ChatSecurePanel sendGroupMessage
INFO: Message sent to group: SVI
Nov 29, 2025 5:48:27 PM net.etfbl.mdp.securechat.SSLChatClientTest sendMessageMulticast
INFO: Multicast message sent to group SVI
Nov 29, 2025 5:48:27 PM net.etfbl.mdp.gui.ChatSecurePanel sendGroupMessage
INFO: Message sent to group: SVI
Nov 29, 2025 5:48:48 PM net.etfbl.mdp.securechat.SSLChatClientTest sendMessage
INFO: Message sent.
Nov 29, 2025 5:48:48 PM net.etfbl.mdp.gui.ChatSecurePanel sendMessage
INFO: Message sent to: korisnik2
Nov 29, 2025 5:49:09 PM net.etfbl.mdp.securechat.SSLChatClientTest sendMessage
INFO: Message sent.
Nov 29, 2025 5:49:09 PM net.etfbl.mdp.gui.ChatSecurePanel sendMessage
INFO: Message sent to: korisnik2
Nov 29, 2025 5:52:34 PM net.etfbl.mdp.gui.ChatSecurePanel <init>
INFO: User: k1 connected to secure chat.
Nov 29, 2025 5:53:03 PM net.etfbl.mdp.securechat.SSLChatClientTest sendMessage
INFO: Message sent.
Nov 29, 2025 5:53:03 PM net.etfbl.mdp.gui.ChatSecurePanel createGroup
INFO: Group is created: SVI
Nov 29, 2025 5:53:09 PM net.etfbl.mdp.securechat.SSLChatClientTest sendMessage
INFO: Message sent.
Nov 29, 2025 5:53:09 PM net.etfbl.mdp.gui.ChatSecurePanel addUserToGroup
INFO: k1 added korisnik2 to a group SVI.
Nov 29, 2025 5:53:10 PM net.etfbl.mdp.securechat.SSLChatClientTest sendMessage
INFO: Message sent.
Nov 29, 2025 5:53:10 PM net.etfbl.mdp.gui.ChatSecurePanel addUserToGroup
INFO: k1 added boris to a group SVI.
Nov 29, 2025 5:53:15 PM net.etfbl.mdp.securechat.SSLChatClientTest sendMessageMulticast
INFO: Multicast message sent to group SVI
Nov 29, 2025 5:53:15 PM net.etfbl.mdp.gui.ChatSecurePanel sendGroupMessage
INFO: Message sent to group: SVI
Nov 29, 2025 6:00:31 PM net.etfbl.mdp.gui.LoginFrame login
INFO: User k1 successfully logged in.
Nov 29, 2025 6:00:32 PM net.etfbl.mdp.gui.HistoryPanel loadHistory
INFO: Reservation history loaded.
Nov 29, 2025 6:00:34 PM net.etfbl.mdp.gui.ChatSecurePanel <init>
INFO: User: k1 connected to secure chat.
Nov 29, 2025 6:00:39 PM net.etfbl.mdp.securechat.SSLChatClientTest sendMessage
INFO: Message sent.
Nov 29, 2025 6:00:39 PM net.etfbl.mdp.gui.ChatSecurePanel createGroup
INFO: Group is created: SVI
Nov 29, 2025 6:00:42 PM net.etfbl.mdp.securechat.SSLChatClientTest sendMessage
INFO: Message sent.
Nov 29, 2025 6:00:42 PM net.etfbl.mdp.gui.ChatSecurePanel addUserToGroup
INFO: k1 added korisnik2 to a group SVI.
Nov 29, 2025 6:00:44 PM net.etfbl.mdp.securechat.SSLChatClientTest sendMessage
INFO: Message sent.
Nov 29, 2025 6:00:44 PM net.etfbl.mdp.gui.ChatSecurePanel addUserToGroup
INFO: k1 added boris to a group SVI.
Nov 29, 2025 6:00:48 PM net.etfbl.mdp.securechat.SSLChatClientTest sendMessageMulticast
INFO: Multicast message sent to group SVI
Nov 29, 2025 6:00:48 PM net.etfbl.mdp.gui.ChatSecurePanel sendGroupMessage
INFO: Message sent to group: SVI
Nov 29, 2025 6:01:41 PM net.etfbl.mdp.gui.LoginFrame login
INFO: User korisnik2 successfully logged in.
Nov 29, 2025 6:01:42 PM net.etfbl.mdp.gui.HistoryPanel loadHistory
INFO: Reservation history loaded.
Nov 29, 2025 6:01:44 PM net.etfbl.mdp.gui.ChatSecurePanel <init>
INFO: User: korisnik2 connected to secure chat.
Nov 29, 2025 6:14:02 PM net.etfbl.mdp.gui.LoginFrame login
INFO: User k1 successfully logged in.
Nov 29, 2025 6:14:02 PM net.etfbl.mdp.gui.HistoryPanel loadHistory
INFO: Reservation history loaded.
Nov 29, 2025 6:14:04 PM net.etfbl.mdp.gui.ChatSecurePanel <init>
INFO: User: k1 connected to secure chat.
Nov 29, 2025 6:14:12 PM net.etfbl.mdp.securechat.SSLChatClientTest sendMessage
INFO: Message sent.
Nov 29, 2025 6:14:12 PM net.etfbl.mdp.gui.ChatSecurePanel createGroup
INFO: Group is created: svi
Nov 29, 2025 6:14:15 PM net.etfbl.mdp.securechat.SSLChatClientTest sendMessage
INFO: Message sent.
Nov 29, 2025 6:14:15 PM net.etfbl.mdp.gui.ChatSecurePanel addUserToGroup
INFO: k1 added korisnik2 to a group svi.
Nov 29, 2025 6:14:16 PM net.etfbl.mdp.securechat.SSLChatClientTest sendMessage
INFO: Message sent.
Nov 29, 2025 6:14:16 PM net.etfbl.mdp.gui.ChatSecurePanel addUserToGroup
INFO: k1 added boris to a group svi.
Nov 29, 2025 6:14:22 PM net.etfbl.mdp.securechat.SSLChatClientTest sendMessageMulticast
INFO: Multicast message sent to group svi
Nov 29, 2025 6:14:22 PM net.etfbl.mdp.gui.ChatSecurePanel sendGroupMessage
INFO: Message sent to group: svi
Nov 29, 2025 6:14:50 PM net.etfbl.mdp.gui.LoginFrame login
INFO: User korisnik2 successfully logged in.
Nov 29, 2025 6:14:51 PM net.etfbl.mdp.gui.HistoryPanel loadHistory
INFO: Reservation history loaded.
Nov 29, 2025 6:14:54 PM net.etfbl.mdp.gui.ChatSecurePanel <init>
INFO: User: korisnik2 connected to secure chat.
Nov 29, 2025 6:15:19 PM net.etfbl.mdp.securechat.SSLChatClientTest sendMessage
INFO: Message sent.
Nov 29, 2025 6:15:19 PM net.etfbl.mdp.gui.ChatSecurePanel sendMessage
INFO: Message sent to: k1
Nov 29, 2025 6:15:29 PM net.etfbl.mdp.gui.LoginFrame login
INFO: User k1 successfully logged in.
Nov 29, 2025 6:15:29 PM net.etfbl.mdp.gui.HistoryPanel loadHistory
INFO: Reservation history loaded.
Nov 29, 2025 6:15:31 PM net.etfbl.mdp.gui.ChatSecurePanel <init>
INFO: User: k1 connected to secure chat.
Nov 29, 2025 6:15:49 PM net.etfbl.mdp.securechat.SSLChatClientTest sendMessage
INFO: Message sent.
Nov 29, 2025 6:15:49 PM net.etfbl.mdp.gui.ChatSecurePanel createGroup
INFO: Group is created: svi
Nov 29, 2025 6:15:51 PM net.etfbl.mdp.securechat.SSLChatClientTest sendMessage
INFO: Message sent.
Nov 29, 2025 6:15:51 PM net.etfbl.mdp.gui.ChatSecurePanel addUserToGroup
INFO: k1 added korisnik2 to a group svi.
Nov 29, 2025 6:15:56 PM net.etfbl.mdp.securechat.SSLChatClientTest sendMessageMulticast
INFO: Multicast message sent to group svi
Nov 29, 2025 6:15:56 PM net.etfbl.mdp.gui.ChatSecurePanel sendGroupMessage
INFO: Message sent to group: svi
Nov 30, 2025 8:16:10 PM net.etfbl.mdp.gui.LoginFrame login
INFO: User k1 successfully logged in.
Nov 30, 2025 8:16:10 PM net.etfbl.mdp.gui.HistoryPanel loadHistory
INFO: Reservation history loaded.
Nov 30, 2025 8:16:17 PM net.etfbl.mdp.gui.ChatSecurePanel <init>
INFO: User: k1 connected to secure chat.
Nov 30, 2025 8:30:28 PM net.etfbl.mdp.gui.LoginFrame login
INFO: User k1 successfully logged in.
Nov 30, 2025 8:30:28 PM net.etfbl.mdp.gui.HistoryPanel loadHistory
INFO: Reservation history loaded.
Nov 30, 2025 8:30:31 PM net.etfbl.mdp.gui.ChatServicePanel <init>
INFO: k1 connected to service chat panel.
Nov 30, 2025 8:30:36 PM net.etfbl.mdp.securechat.SSLChatClientTest sendMessage
INFO: Message sent.
Nov 30, 2025 8:30:36 PM net.etfbl.mdp.gui.ChatServicePanel sendMessage
INFO: k1 sent to service: Dobar dan
Nov 30, 2025 8:58:21 PM net.etfbl.mdp.gui.LoginFrame login
INFO: User k1 successfully logged in.
Nov 30, 2025 8:58:21 PM net.etfbl.mdp.gui.HistoryPanel loadHistory
INFO: Reservation history loaded.
Nov 30, 2025 8:58:23 PM net.etfbl.mdp.gui.ChatServicePanel <init>
INFO: k1 connected to service chat panel.
Nov 30, 2025 8:58:27 PM net.etfbl.mdp.securechat.SSLChatClientTest sendMessage
INFO: Message sent.
Nov 30, 2025 8:58:27 PM net.etfbl.mdp.gui.ChatServicePanel sendMessage
INFO: k1 sent to service: dobar dan
Nov 30, 2025 8:59:10 PM net.etfbl.mdp.gui.ChatServicePanel <init>
INFO: k1 connected to service chat panel.
Nov 30, 2025 8:59:22 PM net.etfbl.mdp.gui.ChatSecurePanel <init>
INFO: User: k1 connected to secure chat.
Nov 30, 2025 8:59:42 PM net.etfbl.mdp.securechat.SSLChatClientTest sendMessage
INFO: Message sent.
Nov 30, 2025 8:59:42 PM net.etfbl.mdp.gui.ChatSecurePanel sendMessage
INFO: Message sent to: korisnik2
Dec 06, 2025 4:39:31 PM net.etfbl.mdp.gui.LoginFrame login
INFO: User k1 successfully logged in.
Dec 06, 2025 4:39:31 PM net.etfbl.mdp.gui.HistoryPanel loadHistory
INFO: Reservation history loaded.
Dec 06, 2025 4:39:58 PM net.etfbl.mdp.gui.ChatSecurePanel <init>
INFO: User: k1 connected to secure chat.
Dec 06, 2025 4:40:10 PM net.etfbl.mdp.securechat.SSLChatClientTest sendMessage
INFO: Message sent.
Dec 06, 2025 4:40:10 PM net.etfbl.mdp.gui.ChatSecurePanel sendMessage
INFO: Message sent to: korisnik2
Dec 06, 2025 4:40:49 PM net.etfbl.mdp.securechat.SSLChatClientTest sendMessage
INFO: Message sent.
Dec 06, 2025 4:40:49 PM net.etfbl.mdp.gui.ChatSecurePanel sendMessage
INFO: Message sent to: korisnik2
Dec 06, 2025 4:41:12 PM net.etfbl.mdp.gui.MainFrame logout
INFO: User: k1 loged out.
Dec 06, 2025 4:41:23 PM net.etfbl.mdp.gui.LoginFrame login
INFO: User k1 successfully logged in.
Dec 06, 2025 4:41:23 PM net.etfbl.mdp.gui.HistoryPanel loadHistory
INFO: Reservation history loaded.
Dec 06, 2025 4:41:26 PM net.etfbl.mdp.gui.ChatSecurePanel <init>
INFO: User: k1 connected to secure chat.
Dec 06, 2025 4:42:45 PM net.etfbl.mdp.gui.LoginFrame login
INFO: User k1 successfully logged in.
Dec 06, 2025 4:42:45 PM net.etfbl.mdp.gui.HistoryPanel loadHistory
INFO: Reservation history loaded.
Dec 06, 2025 4:42:48 PM net.etfbl.mdp.gui.ChatSecurePanel <init>
INFO: User: k1 connected to secure chat.
Dec 06, 2025 4:42:54 PM net.etfbl.mdp.securechat.SSLChatClientTest sendMessage
INFO: Message sent.
Dec 06, 2025 4:42:54 PM net.etfbl.mdp.gui.ChatSecurePanel sendMessage
INFO: Message sent to: korisnik2
Dec 06, 2025 4:49:05 PM net.etfbl.mdp.gui.LoginFrame login
INFO: User k1 successfully logged in.
Dec 06, 2025 4:49:05 PM net.etfbl.mdp.gui.HistoryPanel loadHistory
INFO: Reservation history loaded.
Dec 06, 2025 4:49:07 PM net.etfbl.mdp.gui.ChatServicePanel <init>
INFO: k1 connected to service chat panel.
Dec 06, 2025 4:49:13 PM net.etfbl.mdp.securechat.SSLChatClientTest sendMessage
INFO: Message sent.
Dec 06, 2025 4:49:13 PM net.etfbl.mdp.gui.ChatServicePanel sendMessage
INFO: k1 sent to service: Dobar dan vam zelim
Dec 06, 2025 4:49:35 PM net.etfbl.mdp.securechat.SSLChatClientTest lambda$0
SEVERE: java.net.SocketException: Connection reset
Dec 06, 2025 4:50:33 PM net.etfbl.mdp.gui.LoginFrame login
INFO: User k1 successfully logged in.
Dec 06, 2025 4:50:34 PM net.etfbl.mdp.gui.HistoryPanel loadHistory
INFO: Reservation history loaded.
Dec 06, 2025 4:50:36 PM net.etfbl.mdp.gui.ChatServicePanel <init>
INFO: k1 connected to service chat panel.
Dec 06, 2025 4:50:42 PM net.etfbl.mdp.securechat.SSLChatClientTest sendMessage
INFO: Message sent.
Dec 06, 2025 4:50:42 PM net.etfbl.mdp.gui.ChatServicePanel sendMessage
INFO: k1 sent to service: Dobar dan vam zelim
Dec 08, 2025 9:23:55 PM net.etfbl.mdp.gui.LoginFrame login
INFO: User k1 successfully logged in.
Dec 08, 2025 9:23:55 PM net.etfbl.mdp.gui.HistoryPanel loadHistory
INFO: Reservation history loaded.
Dec 08, 2025 9:23:59 PM net.etfbl.mdp.gui.ChatSecurePanel <init>
INFO: User: k1 connected to secure chat.
Dec 08, 2025 9:24:07 PM net.etfbl.mdp.securechat.SSLChatClientTest sendMessage
INFO: Message sent.
Dec 08, 2025 9:24:07 PM net.etfbl.mdp.gui.ChatSecurePanel sendMessage
INFO: Message sent to: korisnik2
Dec 08, 2025 9:24:44 PM net.etfbl.mdp.securechat.SSLChatClientTest sendMessage
INFO: Message sent.
Dec 08, 2025 9:24:44 PM net.etfbl.mdp.gui.ChatSecurePanel sendMessage
INFO: Message sent to: korisnik2
Dec 08, 2025 9:25:02 PM net.etfbl.mdp.securechat.SSLChatClientTest sendMessage
INFO: Message sent.
Dec 08, 2025 9:25:02 PM net.etfbl.mdp.gui.ChatSecurePanel createGroup
INFO: Group is created: SVI
Dec 08, 2025 9:25:04 PM net.etfbl.mdp.gui.ChatSecurePanel addUserToGroup
WARNING: Error - select group first.
Dec 08, 2025 9:25:08 PM net.etfbl.mdp.securechat.SSLChatClientTest sendMessage
INFO: Message sent.
Dec 08, 2025 9:25:08 PM net.etfbl.mdp.gui.ChatSecurePanel addUserToGroup
INFO: k1 added korisnik2 to a group SVI.
Dec 08, 2025 9:25:10 PM net.etfbl.mdp.securechat.SSLChatClientTest sendMessage
INFO: Message sent.
Dec 08, 2025 9:25:10 PM net.etfbl.mdp.gui.ChatSecurePanel addUserToGroup
INFO: k1 added marko to a group SVI.
Dec 08, 2025 9:25:11 PM net.etfbl.mdp.securechat.SSLChatClientTest sendMessage
INFO: Message sent.
Dec 08, 2025 9:25:11 PM net.etfbl.mdp.gui.ChatSecurePanel addUserToGroup
INFO: k1 added aa to a group SVI.
Dec 08, 2025 9:25:19 PM net.etfbl.mdp.securechat.SSLChatClientTest sendMessageMulticast
INFO: Multicast message sent to group SVI
Dec 08, 2025 9:25:19 PM net.etfbl.mdp.gui.ChatSecurePanel sendGroupMessage
INFO: Message sent to group: SVI
Dec 08, 2025 9:26:11 PM net.etfbl.mdp.gui.MainFrame logout
INFO: User: k1 loged out.
Dec 08, 2025 9:26:31 PM net.etfbl.mdp.gui.LoginFrame login
INFO: User k1 successfully logged in.
Dec 08, 2025 9:26:31 PM net.etfbl.mdp.gui.HistoryPanel loadHistory
INFO: Reservation history loaded.
Dec 08, 2025 9:26:33 PM net.etfbl.mdp.gui.ChatSecurePanel <init>
INFO: User: k1 connected to secure chat.
Dec 08, 2025 9:27:54 PM net.etfbl.mdp.gui.MainFrame logout
INFO: User: k1 loged out.
Dec 08, 2025 9:35:28 PM net.etfbl.mdp.gui.LoginFrame login
INFO: User k1 successfully logged in.
Dec 08, 2025 9:35:28 PM net.etfbl.mdp.gui.HistoryPanel loadHistory
INFO: Reservation history loaded.
Dec 08, 2025 9:35:30 PM net.etfbl.mdp.gui.ChatServicePanel <init>
INFO: k1 connected to service chat panel.
Dec 08, 2025 9:35:44 PM net.etfbl.mdp.securechat.SSLChatClientTest sendMessage
INFO: Message sent.
Dec 08, 2025 9:35:44 PM net.etfbl.mdp.gui.ChatServicePanel sendMessage
INFO: k1 sent to service: Pozdrav vam zelim, da li je automobil zavrsen?
Dec 08, 2025 9:35:52 PM net.etfbl.mdp.gui.ChatSecurePanel <init>
INFO: User: k1 connected to secure chat.
Dec 08, 2025 9:35:57 PM net.etfbl.mdp.gui.ChatServicePanel <init>
INFO: k1 connected to service chat panel.
Dec 08, 2025 9:36:03 PM net.etfbl.mdp.securechat.SSLChatClientTest sendMessage
INFO: Message sent.
Dec 08, 2025 9:36:03 PM net.etfbl.mdp.gui.ChatServicePanel sendMessage
INFO: k1 sent to service: Kako ste vi?
Dec 08, 2025 9:45:43 PM net.etfbl.mdp.gui.LoginFrame login
INFO: User k1 successfully logged in.
Dec 08, 2025 9:45:43 PM net.etfbl.mdp.gui.HistoryPanel loadHistory
INFO: Reservation history loaded.
Dec 08, 2025 9:45:46 PM net.etfbl.mdp.gui.ChatServicePanel <init>
INFO: k1 connected to service chat panel.
Dec 08, 2025 9:45:50 PM net.etfbl.mdp.securechat.SSLChatClientTest sendMessage
INFO: Message sent.
Dec 08, 2025 9:45:50 PM net.etfbl.mdp.gui.ChatServicePanel sendMessage
INFO: k1 sent to service: Pozdrav
Dec 08, 2025 9:52:57 PM net.etfbl.mdp.gui.LoginFrame login
INFO: User k1 successfully logged in.
Dec 08, 2025 9:52:57 PM net.etfbl.mdp.gui.HistoryPanel loadHistory
INFO: Reservation history loaded.
Dec 08, 2025 9:52:59 PM net.etfbl.mdp.gui.ChatServicePanel <init>
INFO: k1 connected to service chat panel.
Dec 08, 2025 9:53:10 PM net.etfbl.mdp.securechat.SSLChatClientTest sendMessage
INFO: Message sent.
Dec 08, 2025 9:53:10 PM net.etfbl.mdp.gui.ChatServicePanel sendMessage
INFO: k1 sent to service: Dobar dan
Dec 08, 2025 10:05:34 PM net.etfbl.mdp.gui.LoginFrame login
INFO: User k1 successfully logged in.
Dec 08, 2025 10:05:35 PM net.etfbl.mdp.gui.HistoryPanel loadHistory
INFO: Reservation history loaded.
Dec 08, 2025 10:05:37 PM net.etfbl.mdp.gui.ChatServicePanel <init>
INFO: k1 connected to service chat panel.
Dec 08, 2025 10:05:42 PM net.etfbl.mdp.securechat.SSLChatClientTest sendMessage
INFO: Message sent.
Dec 08, 2025 10:05:42 PM net.etfbl.mdp.gui.ChatServicePanel sendMessage
INFO: k1 sent to service: Pozdrav druze
Dec 08, 2025 10:07:25 PM net.etfbl.mdp.gui.LoginFrame login
INFO: User k1 successfully logged in.
Dec 08, 2025 10:07:25 PM net.etfbl.mdp.gui.HistoryPanel loadHistory
INFO: Reservation history loaded.
Dec 08, 2025 10:07:29 PM net.etfbl.mdp.gui.ChatServicePanel <init>
INFO: k1 connected to service chat panel.
Dec 08, 2025 10:07:31 PM net.etfbl.mdp.securechat.SSLChatClientTest sendMessage
INFO: Message sent.
Dec 08, 2025 10:07:31 PM net.etfbl.mdp.gui.ChatServicePanel sendMessage
INFO: k1 sent to service: op
Dec 08, 2025 10:13:13 PM net.etfbl.mdp.gui.LoginFrame login
INFO: User k1 successfully logged in.
Dec 08, 2025 10:13:13 PM net.etfbl.mdp.gui.HistoryPanel loadHistory
INFO: Reservation history loaded.
Dec 08, 2025 10:13:15 PM net.etfbl.mdp.gui.ChatServicePanel <init>
INFO: k1 connected to service chat panel.
Dec 08, 2025 10:13:18 PM net.etfbl.mdp.securechat.SSLChatClientTest sendMessage
INFO: Message sent.
Dec 08, 2025 10:13:18 PM net.etfbl.mdp.gui.ChatServicePanel sendMessage
INFO: k1 sent to service: op
Dec 08, 2025 10:17:23 PM net.etfbl.mdp.gui.LoginFrame login
INFO: User k1 successfully logged in.
Dec 08, 2025 10:17:23 PM net.etfbl.mdp.gui.HistoryPanel loadHistory
INFO: Reservation history loaded.
Dec 08, 2025 10:17:25 PM net.etfbl.mdp.gui.ChatServicePanel <init>
INFO: k1 connected to service chat panel.
Dec 08, 2025 10:17:31 PM net.etfbl.mdp.securechat.SSLChatClientTest sendMessage
INFO: Message sent.
Dec 08, 2025 10:17:31 PM net.etfbl.mdp.gui.ChatServicePanel sendMessage
INFO: k1 sent to service: op
Dec 08, 2025 10:18:59 PM net.etfbl.mdp.gui.LoginFrame login
INFO: User k1 successfully logged in.
Dec 08, 2025 10:19:00 PM net.etfbl.mdp.gui.HistoryPanel loadHistory
INFO: Reservation history loaded.
Dec 08, 2025 10:19:04 PM net.etfbl.mdp.gui.ChatServicePanel <init>
INFO: k1 connected to service chat panel.
Dec 08, 2025 10:19:09 PM net.etfbl.mdp.securechat.SSLChatClientTest sendMessage
INFO: Message sent.
Dec 08, 2025 10:19:09 PM net.etfbl.mdp.gui.ChatServicePanel sendMessage
INFO: k1 sent to service: dobar dan
Dec 08, 2025 10:20:07 PM net.etfbl.mdp.gui.LoginFrame login
INFO: User k1 successfully logged in.
Dec 08, 2025 10:20:08 PM net.etfbl.mdp.gui.HistoryPanel loadHistory
INFO: Reservation history loaded.
Dec 08, 2025 10:20:10 PM net.etfbl.mdp.gui.ChatServicePanel <init>
INFO: k1 connected to service chat panel.
Dec 08, 2025 10:20:13 PM net.etfbl.mdp.securechat.SSLChatClientTest sendMessage
INFO: Message sent.
Dec 08, 2025 10:20:13 PM net.etfbl.mdp.gui.ChatServicePanel sendMessage
INFO: k1 sent to service: doabr
Dec 08, 2025 10:21:02 PM net.etfbl.mdp.securechat.SSLChatClientTest lambda$0
SEVERE: java.net.SocketException: Connection reset
Dec 08, 2025 10:21:57 PM net.etfbl.mdp.gui.LoginFrame login
INFO: User k1 successfully logged in.
Dec 08, 2025 10:21:58 PM net.etfbl.mdp.gui.HistoryPanel loadHistory
INFO: Reservation history loaded.
Dec 08, 2025 10:22:00 PM net.etfbl.mdp.gui.ChatServicePanel <init>
INFO: k1 connected to service chat panel.
Dec 08, 2025 10:22:02 PM net.etfbl.mdp.securechat.SSLChatClientTest sendMessage
INFO: Message sent.
Dec 08, 2025 10:22:02 PM net.etfbl.mdp.gui.ChatServicePanel sendMessage
INFO: k1 sent to service: cao
Dec 08, 2025 10:24:58 PM net.etfbl.mdp.gui.LoginFrame login
INFO: User k1 successfully logged in.
Dec 08, 2025 10:24:58 PM net.etfbl.mdp.gui.HistoryPanel loadHistory
INFO: Reservation history loaded.
Dec 08, 2025 10:25:01 PM net.etfbl.mdp.gui.ChatServicePanel <init>
INFO: k1 connected to service chat panel.
Dec 08, 2025 10:25:03 PM net.etfbl.mdp.securechat.SSLChatClientTest sendMessage
INFO: Message sent.
Dec 08, 2025 10:25:03 PM net.etfbl.mdp.gui.ChatServicePanel sendMessage
INFO: k1 sent to service: cao
Dec 08, 2025 10:30:14 PM net.etfbl.mdp.gui.LoginFrame login
INFO: User k1 successfully logged in.
Dec 08, 2025 10:30:14 PM net.etfbl.mdp.gui.HistoryPanel loadHistory
INFO: Reservation history loaded.
Dec 08, 2025 10:30:16 PM net.etfbl.mdp.gui.ChatServicePanel <init>
INFO: k1 connected to service chat panel.
Dec 08, 2025 10:30:19 PM net.etfbl.mdp.securechat.SSLChatClientTest sendMessage
INFO: Message sent.
Dec 08, 2025 10:30:19 PM net.etfbl.mdp.gui.ChatServicePanel sendMessage
INFO: k1 sent to service: poyy
Dec 08, 2025 10:32:31 PM net.etfbl.mdp.securechat.SSLChatClientTest lambda$0
SEVERE: java.net.SocketException: Connection reset
Dec 08, 2025 10:33:31 PM net.etfbl.mdp.gui.LoginFrame login
INFO: User k1 successfully logged in.
Dec 08, 2025 10:33:31 PM net.etfbl.mdp.gui.HistoryPanel loadHistory
INFO: Reservation history loaded.
Dec 08, 2025 10:33:33 PM net.etfbl.mdp.gui.ChatServicePanel <init>
INFO: k1 connected to service chat panel.
Dec 08, 2025 10:33:35 PM net.etfbl.mdp.securechat.SSLChatClientTest sendMessage
INFO: Message sent.
Dec 08, 2025 10:33:35 PM net.etfbl.mdp.securechat.SSLChatClientTest lambda$0
INFO: Connection to secure chat - successfuly.
Dec 08, 2025 10:33:35 PM net.etfbl.mdp.gui.ChatServicePanel sendMessage
INFO: k1 sent to service: cao
Dec 08, 2025 10:39:25 PM net.etfbl.mdp.gui.LoginFrame login
INFO: User k1 successfully logged in.
Dec 08, 2025 10:39:25 PM net.etfbl.mdp.gui.HistoryPanel loadHistory
INFO: Reservation history loaded.
Dec 08, 2025 10:39:27 PM net.etfbl.mdp.gui.ChatServicePanel <init>
INFO: k1 connected to service chat panel.
Dec 08, 2025 10:39:28 PM net.etfbl.mdp.securechat.SSLChatClientTest sendMessage
INFO: Message sent.
Dec 08, 2025 10:39:28 PM net.etfbl.mdp.securechat.SSLChatClientTest lambda$0
INFO: Connection to secure chat - successfuly.
Dec 08, 2025 10:39:28 PM net.etfbl.mdp.gui.ChatServicePanel sendMessage
INFO: k1 sent to service: cc
Dec 09, 2025 8:35:05 PM net.etfbl.mdp.gui.LoginFrame login
INFO: User k1 successfully logged in.
Dec 09, 2025 8:35:05 PM net.etfbl.mdp.gui.HistoryPanel loadHistory
INFO: Reservation history loaded.
Dec 09, 2025 8:35:08 PM net.etfbl.mdp.gui.ChatServicePanel <init>
SEVERE: Service chat connection error: java.net.ConnectException: Connection refused: connect
Dec 09, 2025 8:35:36 PM net.etfbl.mdp.gui.LoginFrame login
INFO: User k1 successfully logged in.
Dec 09, 2025 8:35:36 PM net.etfbl.mdp.gui.HistoryPanel loadHistory
INFO: Reservation history loaded.
Dec 09, 2025 8:35:39 PM net.etfbl.mdp.gui.ChatServicePanel <init>
INFO: k1 connected to service chat panel.
Dec 09, 2025 8:35:45 PM net.etfbl.mdp.securechat.SSLChatClientTest sendMessage
INFO: Message sent.
Dec 09, 2025 8:35:45 PM net.etfbl.mdp.securechat.SSLChatClientTest lambda$0
INFO: Connection to secure chat - successfuly.
Dec 09, 2025 8:35:45 PM net.etfbl.mdp.gui.ChatServicePanel sendMessage
INFO: k1 sent to service: Dobar vam dan
Dec 09, 2025 8:42:48 PM net.etfbl.mdp.gui.LoginFrame login
INFO: User k1 successfully logged in.
Dec 09, 2025 8:42:48 PM net.etfbl.mdp.gui.HistoryPanel loadHistory
INFO: Reservation history loaded.
Dec 09, 2025 8:42:50 PM net.etfbl.mdp.gui.ChatServicePanel <init>
INFO: k1 connected to service chat panel.
Dec 09, 2025 8:42:54 PM net.etfbl.mdp.securechat.SSLChatClientTest sendMessage
INFO: Message sent.
Dec 09, 2025 8:42:54 PM net.etfbl.mdp.gui.ChatServicePanel sendMessage
INFO: k1 sent to service: cao
Dec 09, 2025 8:47:51 PM net.etfbl.mdp.securechat.SSLChatClientTest lambda$0
SEVERE: java.net.SocketException: Connection reset
Dec 09, 2025 8:53:30 PM net.etfbl.mdp.gui.LoginFrame login
INFO: User k1 successfully logged in.
Dec 09, 2025 8:53:31 PM net.etfbl.mdp.gui.HistoryPanel loadHistory
INFO: Reservation history loaded.
Dec 09, 2025 8:53:35 PM net.etfbl.mdp.gui.ChatServicePanel <init>
INFO: k1 connected to service chat panel.
Dec 09, 2025 8:53:39 PM net.etfbl.mdp.securechat.SSLChatClientTest sendMessage
INFO: Message sent.
Dec 09, 2025 8:53:39 PM net.etfbl.mdp.gui.ChatServicePanel sendMessage
INFO: k1 sent to service: pozdrav
Dec 09, 2025 9:07:20 PM net.etfbl.mdp.gui.LoginFrame login
INFO: User k1 successfully logged in.
Dec 09, 2025 9:07:20 PM net.etfbl.mdp.gui.HistoryPanel loadHistory
INFO: Reservation history loaded.
Dec 09, 2025 9:07:22 PM net.etfbl.mdp.gui.ChatServicePanel <init>
INFO: k1 connected to service chat panel.
Dec 09, 2025 9:07:24 PM net.etfbl.mdp.securechat.SSLChatClientTest sendMessage
INFO: Message sent.
Dec 09, 2025 9:07:24 PM net.etfbl.mdp.gui.ChatServicePanel sendMessage
INFO: k1 sent to service: cao
Dec 09, 2025 9:07:59 PM net.etfbl.mdp.securechat.SSLChatClientTest lambda$0
SEVERE: java.net.SocketException: Connection reset
Dec 09, 2025 9:08:18 PM net.etfbl.mdp.gui.LoginFrame login
INFO: User k1 successfully logged in.
Dec 09, 2025 9:08:18 PM net.etfbl.mdp.gui.HistoryPanel loadHistory
INFO: Reservation history loaded.
Dec 09, 2025 9:08:21 PM net.etfbl.mdp.gui.ChatSecurePanel <init>
INFO: User: k1 connected to secure chat.
Dec 09, 2025 9:08:21 PM net.etfbl.mdp.gui.ChatSecurePanel <init>
INFO: User: k1 connected to secure chat.
Dec 09, 2025 9:08:31 PM net.etfbl.mdp.gui.ChatSecurePanel <init>
INFO: User: k1 connected to secure chat.
Dec 09, 2025 9:08:38 PM net.etfbl.mdp.securechat.SSLChatClientTest sendMessage
INFO: Message sent.
Dec 09, 2025 9:08:38 PM net.etfbl.mdp.gui.ChatSecurePanel sendMessage
INFO: Message sent to: korisnik2
Dec 09, 2025 9:08:51 PM net.etfbl.mdp.gui.LoginFrame login
INFO: User korisnik2 successfully logged in.
Dec 09, 2025 9:08:51 PM net.etfbl.mdp.gui.HistoryPanel loadHistory
INFO: Reservation history loaded.
Dec 09, 2025 9:08:53 PM net.etfbl.mdp.gui.ChatSecurePanel <init>
INFO: User: korisnik2 connected to secure chat.
Dec 09, 2025 9:29:53 PM net.etfbl.mdp.gui.LoginFrame login
INFO: User k1 successfully logged in.
Dec 09, 2025 9:29:53 PM net.etfbl.mdp.gui.HistoryPanel loadHistory
INFO: Reservation history loaded.
Dec 09, 2025 9:29:55 PM net.etfbl.mdp.gui.ChatSecurePanel <init>
INFO: User: k1 connected to secure chat.
Dec 09, 2025 9:30:02 PM net.etfbl.mdp.gui.ChatServicePanel <init>
INFO: k1 connected to service chat panel.
Dec 09, 2025 9:32:36 PM net.etfbl.mdp.securechat.SSLChatClientTest sendMessage
INFO: Message sent.
Dec 09, 2025 9:32:36 PM net.etfbl.mdp.gui.ChatServicePanel sendMessage
INFO: k1 sent to service: pozdrav dobri ljudi
Dec 09, 2025 9:32:54 PM net.etfbl.mdp.securechat.SSLChatClientTest lambda$0
SEVERE: java.net.SocketException: Connection reset
Dec 09, 2025 9:32:54 PM net.etfbl.mdp.securechat.SSLChatClientTest lambda$0
SEVERE: java.net.SocketException: Connection reset
